2020-04-13 01:36:42.984  WARN 15192 --- [background-preinit] o.s.h.c.j.Jackson2ObjectMapperBuilder    : For Jackson Kotlin classes support please add "com.fasterxml.jackson.module:jackson-module-kotlin" to the classpath
2020-04-13 01:36:42.999 ERROR 15192 --- [main] lavalink.server.Launcher                 : Application failed

java.lang.UnsupportedClassVersionError: lavalink/server/info/AppInfo has been compiled by a more recent version of the Java Runtime (class file version 55.0), this version of the Java Runtime only recognizes class file versions up to 52.0
	at java.lang.ClassLoader.defineClass1(Native Method) ~[na:1.8.0_241]
	at java.lang.ClassLoader.defineClass(Unknown Source) ~[na:1.8.0_241]
	at java.security.SecureClassLoader.defineClass(Unknown Source) ~[na:1.8.0_241]
	at java.net.URLClassLoader.defineClass(Unknown Source) ~[na:1.8.0_241]
	at java.net.URLClassLoader.access$100(Unknown Source) ~[na:1.8.0_241]
	at java.net.URLClassLoader$1.run(Unknown Source) ~[na:1.8.0_241]
	at java.net.URLClassLoader$1.run(Unknown Source) ~[na:1.8.0_241]
	at java.security.AccessController.doPrivileged(Native Method) ~[na:1.8.0_241]
	at java.net.URLClassLoader.findClass(Unknown Source) ~[na:1.8.0_241]
	at java.lang.ClassLoader.loadClass(Unknown Source) ~[na:1.8.0_241]
	at org.springframework.boot.loader.LaunchedURLClassLoader.loadClass(LaunchedURLClassLoader.java:93) ~[Lavalink.jar:na]
	at java.lang.ClassLoader.loadClass(Unknown Source) ~[na:1.8.0_241]
	at lavalink.server.Launcher.getVersionInfo(Launcher.kt:50) [classes!/:na]
	at lavalink.server.Launcher.getVersionInfo$default(Launcher.kt:49) [classes!/:na]
	at lavalink.server.Launcher$main$1.onApplicationEvent(Launcher.kt:118) ~[classes!/:na]
	at lavalink.server.Launcher$main$1.onApplicationEvent(Launcher.kt:43) ~[classes!/:na]
	at org.springframework.context.event.SimpleApplicationEventMulticaster.doInvokeListener(SimpleApplicationEventMulticaster.java:172) ~[spring-context-5.1.9.RELEASE.jar!/:5.1.9.RELEASE]
	at org.springframework.context.event.SimpleApplicationEventMulticaster.invokeListener(SimpleApplicationEventMulticaster.java:165) ~[spring-context-5.1.9.RELEASE.jar!/:5.1.9.RELEASE]
	at org.springframework.context.event.SimpleApplicationEventMulticaster.multicastEvent(SimpleApplicationEventMulticaster.java:139) ~[spring-context-5.1.9.RELEASE.jar!/:5.1.9.RELEASE]
	at org.springframework.context.event.SimpleApplicationEventMulticaster.multicastEvent(SimpleApplicationEventMulticaster.java:127) ~[spring-context-5.1.9.RELEASE.jar!/:5.1.9.RELEASE]
	at org.springframework.boot.context.event.EventPublishingRunListener.environmentPrepared(EventPublishingRunListener.java:76) ~[spring-boot-2.1.8.RELEASE.jar!/:2.1.8.RELEASE]
	at org.springframework.boot.SpringApplicationRunListeners.environmentPrepared(SpringApplicationRunListeners.java:53) ~[spring-boot-2.1.8.RELEASE.jar!/:2.1.8.RELEASE]
	at org.springframework.boot.SpringApplication.prepareEnvironment(SpringApplication.java:342) ~[spring-boot-2.1.8.RELEASE.jar!/:2.1.8.RELEASE]
	at org.springframework.boot.SpringApplication.run(SpringApplication.java:305) ~[spring-boot-2.1.8.RELEASE.jar!/:2.1.8.RELEASE]
	at lavalink.server.Launcher.main(Launcher.kt:127) [classes!/:na]
	at sun.reflect.NativeMethodAccessorImpl.invoke0(Native Method) ~[na:1.8.0_241]
	at sun.reflect.NativeMethodAccessorImpl.invoke(Unknown Source) ~[na:1.8.0_241]
	at sun.reflect.DelegatingMethodAccessorImpl.invoke(Unknown Source) ~[na:1.8.0_241]
	at java.lang.reflect.Method.invoke(Unknown Source) ~[na:1.8.0_241]
	at org.springframework.boot.loader.MainMethodRunner.run(MainMethodRunner.java:48) [Lavalink.jar:na]
	at org.springframework.boot.loader.Launcher.launch(Launcher.java:87) [Lavalink.jar:na]
	at org.springframework.boot.loader.Launcher.launch(Launcher.java:51) [Lavalink.jar:na]
	at org.springframework.boot.loader.JarLauncher.main(JarLauncher.java:52) [Lavalink.jar:na]

2020-04-13 01:36:43.009 ERROR 15192 --- [main] o.s.boot.SpringApplication               : Application run failed

java.lang.UnsupportedClassVersionError: lavalink/server/info/AppInfo has been compiled by a more recent version of the Java Runtime (class file version 55.0), this version of the Java Runtime only recognizes class file versions up to 52.0
	at java.lang.ClassLoader.defineClass1(Native Method) ~[na:1.8.0_241]
	at java.lang.ClassLoader.defineClass(Unknown Source) ~[na:1.8.0_241]
	at java.security.SecureClassLoader.defineClass(Unknown Source) ~[na:1.8.0_241]
	at java.net.URLClassLoader.defineClass(Unknown Source) ~[na:1.8.0_241]
	at java.net.URLClassLoader.access$100(Unknown Source) ~[na:1.8.0_241]
	at java.net.URLClassLoader$1.run(Unknown Source) ~[na:1.8.0_241]
	at java.net.URLClassLoader$1.run(Unknown Source) ~[na:1.8.0_241]
	at java.security.AccessController.doPrivileged(Native Method) ~[na:1.8.0_241]
	at java.net.URLClassLoader.findClass(Unknown Source) ~[na:1.8.0_241]
	at java.lang.ClassLoader.loadClass(Unknown Source) ~[na:1.8.0_241]
	at org.springframework.boot.loader.LaunchedURLClassLoader.loadClass(LaunchedURLClassLoader.java:93) ~[Lavalink.jar:na]
	at java.lang.ClassLoader.loadClass(Unknown Source) ~[na:1.8.0_241]
	at lavalink.server.Launcher.getVersionInfo(Launcher.kt:50) [classes!/:na]
	at lavalink.server.Launcher.getVersionInfo$default(Launcher.kt:49) [classes!/:na]
	at lavalink.server.Launcher$main$1.onApplicationEvent(Launcher.kt:118) ~[classes!/:na]
	at lavalink.server.Launcher$main$1.onApplicationEvent(Launcher.kt:43) ~[classes!/:na]
	at org.springframework.context.event.SimpleApplicationEventMulticaster.doInvokeListener(SimpleApplicationEventMulticaster.java:172) ~[spring-context-5.1.9.RELEASE.jar!/:5.1.9.RELEASE]
	at org.springframework.context.event.SimpleApplicationEventMulticaster.invokeListener(SimpleApplicationEventMulticaster.java:165) ~[spring-context-5.1.9.RELEASE.jar!/:5.1.9.RELEASE]
	at org.springframework.context.event.SimpleApplicationEventMulticaster.multicastEvent(SimpleApplicationEventMulticaster.java:139) ~[spring-context-5.1.9.RELEASE.jar!/:5.1.9.RELEASE]
	at org.springframework.context.event.SimpleApplicationEventMulticaster.multicastEvent(SimpleApplicationEventMulticaster.java:127) ~[spring-context-5.1.9.RELEASE.jar!/:5.1.9.RELEASE]
	at org.springframework.boot.context.event.EventPublishingRunListener.environmentPrepared(EventPublishingRunListener.java:76) ~[spring-boot-2.1.8.RELEASE.jar!/:2.1.8.RELEASE]
	at org.springframework.boot.SpringApplicationRunListeners.environmentPrepared(SpringApplicationRunListeners.java:53) ~[spring-boot-2.1.8.RELEASE.jar!/:2.1.8.RELEASE]
	at org.springframework.boot.SpringApplication.prepareEnvironment(SpringApplication.java:342) ~[spring-boot-2.1.8.RELEASE.jar!/:2.1.8.RELEASE]
	at org.springframework.boot.SpringApplication.run(SpringApplication.java:305) ~[spring-boot-2.1.8.RELEASE.jar!/:2.1.8.RELEASE]
	at lavalink.server.Launcher.main(Launcher.kt:127) [classes!/:na]
	at sun.reflect.NativeMethodAccessorImpl.invoke0(Native Method) ~[na:1.8.0_241]
	at sun.reflect.NativeMethodAccessorImpl.invoke(Unknown Source) ~[na:1.8.0_241]
	at sun.reflect.DelegatingMethodAccessorImpl.invoke(Unknown Source) ~[na:1.8.0_241]
	at java.lang.reflect.Method.invoke(Unknown Source) ~[na:1.8.0_241]
	at org.springframework.boot.loader.MainMethodRunner.run(MainMethodRunner.java:48) [Lavalink.jar:na]
	at org.springframework.boot.loader.Launcher.launch(Launcher.java:87) [Lavalink.jar:na]
	at org.springframework.boot.loader.Launcher.launch(Launcher.java:51) [Lavalink.jar:na]
	at org.springframework.boot.loader.JarLauncher.main(JarLauncher.java:52) [Lavalink.jar:na]

2020-04-13 01:39:34.239  WARN 888 --- [background-preinit] o.s.h.c.j.Jackson2ObjectMapperBuilder    : For Jackson Kotlin classes support please add "com.fasterxml.jackson.module:jackson-module-kotlin" to the classpath
2020-04-13 01:39:34.259 ERROR 888 --- [main] lavalink.server.Launcher                 : Application failed

java.lang.UnsupportedClassVersionError: lavalink/server/info/AppInfo has been compiled by a more recent version of the Java Runtime (class file version 55.0), this version of the Java Runtime only recognizes class file versions up to 52.0
	at java.lang.ClassLoader.defineClass1(Native Method) ~[na:1.8.0_241]
	at java.lang.ClassLoader.defineClass(Unknown Source) ~[na:1.8.0_241]
	at java.security.SecureClassLoader.defineClass(Unknown Source) ~[na:1.8.0_241]
	at java.net.URLClassLoader.defineClass(Unknown Source) ~[na:1.8.0_241]
	at java.net.URLClassLoader.access$100(Unknown Source) ~[na:1.8.0_241]
	at java.net.URLClassLoader$1.run(Unknown Source) ~[na:1.8.0_241]
	at java.net.URLClassLoader$1.run(Unknown Source) ~[na:1.8.0_241]
	at java.security.AccessController.doPrivileged(Native Method) ~[na:1.8.0_241]
	at java.net.URLClassLoader.findClass(Unknown Source) ~[na:1.8.0_241]
	at java.lang.ClassLoader.loadClass(Unknown Source) ~[na:1.8.0_241]
	at org.springframework.boot.loader.LaunchedURLClassLoader.loadClass(LaunchedURLClassLoader.java:93) ~[Lavalink.jar:na]
	at java.lang.ClassLoader.loadClass(Unknown Source) ~[na:1.8.0_241]
	at lavalink.server.Launcher.getVersionInfo(Launcher.kt:50) [classes!/:na]
	at lavalink.server.Launcher.getVersionInfo$default(Launcher.kt:49) [classes!/:na]
	at lavalink.server.Launcher$main$1.onApplicationEvent(Launcher.kt:118) ~[classes!/:na]
	at lavalink.server.Launcher$main$1.onApplicationEvent(Launcher.kt:43) ~[classes!/:na]
	at org.springframework.context.event.SimpleApplicationEventMulticaster.doInvokeListener(SimpleApplicationEventMulticaster.java:172) ~[spring-context-5.1.9.RELEASE.jar!/:5.1.9.RELEASE]
	at org.springframework.context.event.SimpleApplicationEventMulticaster.invokeListener(SimpleApplicationEventMulticaster.java:165) ~[spring-context-5.1.9.RELEASE.jar!/:5.1.9.RELEASE]
	at org.springframework.context.event.SimpleApplicationEventMulticaster.multicastEvent(SimpleApplicationEventMulticaster.java:139) ~[spring-context-5.1.9.RELEASE.jar!/:5.1.9.RELEASE]
	at org.springframework.context.event.SimpleApplicationEventMulticaster.multicastEvent(SimpleApplicationEventMulticaster.java:127) ~[spring-context-5.1.9.RELEASE.jar!/:5.1.9.RELEASE]
	at org.springframework.boot.context.event.EventPublishingRunListener.environmentPrepared(EventPublishingRunListener.java:76) ~[spring-boot-2.1.8.RELEASE.jar!/:2.1.8.RELEASE]
	at org.springframework.boot.SpringApplicationRunListeners.environmentPrepared(SpringApplicationRunListeners.java:53) ~[spring-boot-2.1.8.RELEASE.jar!/:2.1.8.RELEASE]
	at org.springframework.boot.SpringApplication.prepareEnvironment(SpringApplication.java:342) ~[spring-boot-2.1.8.RELEASE.jar!/:2.1.8.RELEASE]
	at org.springframework.boot.SpringApplication.run(SpringApplication.java:305) ~[spring-boot-2.1.8.RELEASE.jar!/:2.1.8.RELEASE]
	at lavalink.server.Launcher.main(Launcher.kt:127) [classes!/:na]
	at sun.reflect.NativeMethodAccessorImpl.invoke0(Native Method) ~[na:1.8.0_241]
	at sun.reflect.NativeMethodAccessorImpl.invoke(Unknown Source) ~[na:1.8.0_241]
	at sun.reflect.DelegatingMethodAccessorImpl.invoke(Unknown Source) ~[na:1.8.0_241]
	at java.lang.reflect.Method.invoke(Unknown Source) ~[na:1.8.0_241]
	at org.springframework.boot.loader.MainMethodRunner.run(MainMethodRunner.java:48) [Lavalink.jar:na]
	at org.springframework.boot.loader.Launcher.launch(Launcher.java:87) [Lavalink.jar:na]
	at org.springframework.boot.loader.Launcher.launch(Launcher.java:51) [Lavalink.jar:na]
	at org.springframework.boot.loader.JarLauncher.main(JarLauncher.java:52) [Lavalink.jar:na]

2020-04-13 01:39:34.259 ERROR 888 --- [main] o.s.boot.SpringApplication               : Application run failed

java.lang.UnsupportedClassVersionError: lavalink/server/info/AppInfo has been compiled by a more recent version of the Java Runtime (class file version 55.0), this version of the Java Runtime only recognizes class file versions up to 52.0
	at java.lang.ClassLoader.defineClass1(Native Method) ~[na:1.8.0_241]
	at java.lang.ClassLoader.defineClass(Unknown Source) ~[na:1.8.0_241]
	at java.security.SecureClassLoader.defineClass(Unknown Source) ~[na:1.8.0_241]
	at java.net.URLClassLoader.defineClass(Unknown Source) ~[na:1.8.0_241]
	at java.net.URLClassLoader.access$100(Unknown Source) ~[na:1.8.0_241]
	at java.net.URLClassLoader$1.run(Unknown Source) ~[na:1.8.0_241]
	at java.net.URLClassLoader$1.run(Unknown Source) ~[na:1.8.0_241]
	at java.security.AccessController.doPrivileged(Native Method) ~[na:1.8.0_241]
	at java.net.URLClassLoader.findClass(Unknown Source) ~[na:1.8.0_241]
	at java.lang.ClassLoader.loadClass(Unknown Source) ~[na:1.8.0_241]
	at org.springframework.boot.loader.LaunchedURLClassLoader.loadClass(LaunchedURLClassLoader.java:93) ~[Lavalink.jar:na]
	at java.lang.ClassLoader.loadClass(Unknown Source) ~[na:1.8.0_241]
	at lavalink.server.Launcher.getVersionInfo(Launcher.kt:50) [classes!/:na]
	at lavalink.server.Launcher.getVersionInfo$default(Launcher.kt:49) [classes!/:na]
	at lavalink.server.Launcher$main$1.onApplicationEvent(Launcher.kt:118) ~[classes!/:na]
	at lavalink.server.Launcher$main$1.onApplicationEvent(Launcher.kt:43) ~[classes!/:na]
	at org.springframework.context.event.SimpleApplicationEventMulticaster.doInvokeListener(SimpleApplicationEventMulticaster.java:172) ~[spring-context-5.1.9.RELEASE.jar!/:5.1.9.RELEASE]
	at org.springframework.context.event.SimpleApplicationEventMulticaster.invokeListener(SimpleApplicationEventMulticaster.java:165) ~[spring-context-5.1.9.RELEASE.jar!/:5.1.9.RELEASE]
	at org.springframework.context.event.SimpleApplicationEventMulticaster.multicastEvent(SimpleApplicationEventMulticaster.java:139) ~[spring-context-5.1.9.RELEASE.jar!/:5.1.9.RELEASE]
	at org.springframework.context.event.SimpleApplicationEventMulticaster.multicastEvent(SimpleApplicationEventMulticaster.java:127) ~[spring-context-5.1.9.RELEASE.jar!/:5.1.9.RELEASE]
	at org.springframework.boot.context.event.EventPublishingRunListener.environmentPrepared(EventPublishingRunListener.java:76) ~[spring-boot-2.1.8.RELEASE.jar!/:2.1.8.RELEASE]
	at org.springframework.boot.SpringApplicationRunListeners.environmentPrepared(SpringApplicationRunListeners.java:53) ~[spring-boot-2.1.8.RELEASE.jar!/:2.1.8.RELEASE]
	at org.springframework.boot.SpringApplication.prepareEnvironment(SpringApplication.java:342) ~[spring-boot-2.1.8.RELEASE.jar!/:2.1.8.RELEASE]
	at org.springframework.boot.SpringApplication.run(SpringApplication.java:305) ~[spring-boot-2.1.8.RELEASE.jar!/:2.1.8.RELEASE]
	at lavalink.server.Launcher.main(Launcher.kt:127) [classes!/:na]
	at sun.reflect.NativeMethodAccessorImpl.invoke0(Native Method) ~[na:1.8.0_241]
	at sun.reflect.NativeMethodAccessorImpl.invoke(Unknown Source) ~[na:1.8.0_241]
	at sun.reflect.DelegatingMethodAccessorImpl.invoke(Unknown Source) ~[na:1.8.0_241]
	at java.lang.reflect.Method.invoke(Unknown Source) ~[na:1.8.0_241]
	at org.springframework.boot.loader.MainMethodRunner.run(MainMethodRunner.java:48) [Lavalink.jar:na]
	at org.springframework.boot.loader.Launcher.launch(Launcher.java:87) [Lavalink.jar:na]
	at org.springframework.boot.loader.Launcher.launch(Launcher.java:51) [Lavalink.jar:na]
	at org.springframework.boot.loader.JarLauncher.main(JarLauncher.java:52) [Lavalink.jar:na]

2020-04-13 01:39:37.579  WARN 5560 --- [background-preinit] o.s.h.c.j.Jackson2ObjectMapperBuilder    : For Jackson Kotlin classes support please add "com.fasterxml.jackson.module:jackson-module-kotlin" to the classpath
2020-04-13 01:39:37.599 ERROR 5560 --- [main] lavalink.server.Launcher                 : Application failed

java.lang.UnsupportedClassVersionError: lavalink/server/info/AppInfo has been compiled by a more recent version of the Java Runtime (class file version 55.0), this version of the Java Runtime only recognizes class file versions up to 52.0
	at java.lang.ClassLoader.defineClass1(Native Method) ~[na:1.8.0_241]
	at java.lang.ClassLoader.defineClass(Unknown Source) ~[na:1.8.0_241]
	at java.security.SecureClassLoader.defineClass(Unknown Source) ~[na:1.8.0_241]
	at java.net.URLClassLoader.defineClass(Unknown Source) ~[na:1.8.0_241]
	at java.net.URLClassLoader.access$100(Unknown Source) ~[na:1.8.0_241]
	at java.net.URLClassLoader$1.run(Unknown Source) ~[na:1.8.0_241]
	at java.net.URLClassLoader$1.run(Unknown Source) ~[na:1.8.0_241]
	at java.security.AccessController.doPrivileged(Native Method) ~[na:1.8.0_241]
	at java.net.URLClassLoader.findClass(Unknown Source) ~[na:1.8.0_241]
	at java.lang.ClassLoader.loadClass(Unknown Source) ~[na:1.8.0_241]
	at org.springframework.boot.loader.LaunchedURLClassLoader.loadClass(LaunchedURLClassLoader.java:93) ~[Lavalink.jar:na]
	at java.lang.ClassLoader.loadClass(Unknown Source) ~[na:1.8.0_241]
	at lavalink.server.Launcher.getVersionInfo(Launcher.kt:50) [classes!/:na]
	at lavalink.server.Launcher.getVersionInfo$default(Launcher.kt:49) [classes!/:na]
	at lavalink.server.Launcher$main$1.onApplicationEvent(Launcher.kt:118) ~[classes!/:na]
	at lavalink.server.Launcher$main$1.onApplicationEvent(Launcher.kt:43) ~[classes!/:na]
	at org.springframework.context.event.SimpleApplicationEventMulticaster.doInvokeListener(SimpleApplicationEventMulticaster.java:172) ~[spring-context-5.1.9.RELEASE.jar!/:5.1.9.RELEASE]
	at org.springframework.context.event.SimpleApplicationEventMulticaster.invokeListener(SimpleApplicationEventMulticaster.java:165) ~[spring-context-5.1.9.RELEASE.jar!/:5.1.9.RELEASE]
	at org.springframework.context.event.SimpleApplicationEventMulticaster.multicastEvent(SimpleApplicationEventMulticaster.java:139) ~[spring-context-5.1.9.RELEASE.jar!/:5.1.9.RELEASE]
	at org.springframework.context.event.SimpleApplicationEventMulticaster.multicastEvent(SimpleApplicationEventMulticaster.java:127) ~[spring-context-5.1.9.RELEASE.jar!/:5.1.9.RELEASE]
	at org.springframework.boot.context.event.EventPublishingRunListener.environmentPrepared(EventPublishingRunListener.java:76) ~[spring-boot-2.1.8.RELEASE.jar!/:2.1.8.RELEASE]
	at org.springframework.boot.SpringApplicationRunListeners.environmentPrepared(SpringApplicationRunListeners.java:53) ~[spring-boot-2.1.8.RELEASE.jar!/:2.1.8.RELEASE]
	at org.springframework.boot.SpringApplication.prepareEnvironment(SpringApplication.java:342) ~[spring-boot-2.1.8.RELEASE.jar!/:2.1.8.RELEASE]
	at org.springframework.boot.SpringApplication.run(SpringApplication.java:305) ~[spring-boot-2.1.8.RELEASE.jar!/:2.1.8.RELEASE]
	at lavalink.server.Launcher.main(Launcher.kt:127) [classes!/:na]
	at sun.reflect.NativeMethodAccessorImpl.invoke0(Native Method) ~[na:1.8.0_241]
	at sun.reflect.NativeMethodAccessorImpl.invoke(Unknown Source) ~[na:1.8.0_241]
	at sun.reflect.DelegatingMethodAccessorImpl.invoke(Unknown Source) ~[na:1.8.0_241]
	at java.lang.reflect.Method.invoke(Unknown Source) ~[na:1.8.0_241]
	at org.springframework.boot.loader.MainMethodRunner.run(MainMethodRunner.java:48) [Lavalink.jar:na]
	at org.springframework.boot.loader.Launcher.launch(Launcher.java:87) [Lavalink.jar:na]
	at org.springframework.boot.loader.Launcher.launch(Launcher.java:51) [Lavalink.jar:na]
	at org.springframework.boot.loader.JarLauncher.main(JarLauncher.java:52) [Lavalink.jar:na]

2020-04-13 01:39:37.604 ERROR 5560 --- [main] o.s.boot.SpringApplication               : Application run failed

java.lang.UnsupportedClassVersionError: lavalink/server/info/AppInfo has been compiled by a more recent version of the Java Runtime (class file version 55.0), this version of the Java Runtime only recognizes class file versions up to 52.0
	at java.lang.ClassLoader.defineClass1(Native Method) ~[na:1.8.0_241]
	at java.lang.ClassLoader.defineClass(Unknown Source) ~[na:1.8.0_241]
	at java.security.SecureClassLoader.defineClass(Unknown Source) ~[na:1.8.0_241]
	at java.net.URLClassLoader.defineClass(Unknown Source) ~[na:1.8.0_241]
	at java.net.URLClassLoader.access$100(Unknown Source) ~[na:1.8.0_241]
	at java.net.URLClassLoader$1.run(Unknown Source) ~[na:1.8.0_241]
	at java.net.URLClassLoader$1.run(Unknown Source) ~[na:1.8.0_241]
	at java.security.AccessController.doPrivileged(Native Method) ~[na:1.8.0_241]
	at java.net.URLClassLoader.findClass(Unknown Source) ~[na:1.8.0_241]
	at java.lang.ClassLoader.loadClass(Unknown Source) ~[na:1.8.0_241]
	at org.springframework.boot.loader.LaunchedURLClassLoader.loadClass(LaunchedURLClassLoader.java:93) ~[Lavalink.jar:na]
	at java.lang.ClassLoader.loadClass(Unknown Source) ~[na:1.8.0_241]
	at lavalink.server.Launcher.getVersionInfo(Launcher.kt:50) [classes!/:na]
	at lavalink.server.Launcher.getVersionInfo$default(Launcher.kt:49) [classes!/:na]
	at lavalink.server.Launcher$main$1.onApplicationEvent(Launcher.kt:118) ~[classes!/:na]
	at lavalink.server.Launcher$main$1.onApplicationEvent(Launcher.kt:43) ~[classes!/:na]
	at org.springframework.context.event.SimpleApplicationEventMulticaster.doInvokeListener(SimpleApplicationEventMulticaster.java:172) ~[spring-context-5.1.9.RELEASE.jar!/:5.1.9.RELEASE]
	at org.springframework.context.event.SimpleApplicationEventMulticaster.invokeListener(SimpleApplicationEventMulticaster.java:165) ~[spring-context-5.1.9.RELEASE.jar!/:5.1.9.RELEASE]
	at org.springframework.context.event.SimpleApplicationEventMulticaster.multicastEvent(SimpleApplicationEventMulticaster.java:139) ~[spring-context-5.1.9.RELEASE.jar!/:5.1.9.RELEASE]
	at org.springframework.context.event.SimpleApplicationEventMulticaster.multicastEvent(SimpleApplicationEventMulticaster.java:127) ~[spring-context-5.1.9.RELEASE.jar!/:5.1.9.RELEASE]
	at org.springframework.boot.context.event.EventPublishingRunListener.environmentPrepared(EventPublishingRunListener.java:76) ~[spring-boot-2.1.8.RELEASE.jar!/:2.1.8.RELEASE]
	at org.springframework.boot.SpringApplicationRunListeners.environmentPrepared(SpringApplicationRunListeners.java:53) ~[spring-boot-2.1.8.RELEASE.jar!/:2.1.8.RELEASE]
	at org.springframework.boot.SpringApplication.prepareEnvironment(SpringApplication.java:342) ~[spring-boot-2.1.8.RELEASE.jar!/:2.1.8.RELEASE]
	at org.springframework.boot.SpringApplication.run(SpringApplication.java:305) ~[spring-boot-2.1.8.RELEASE.jar!/:2.1.8.RELEASE]
	at lavalink.server.Launcher.main(Launcher.kt:127) [classes!/:na]
	at sun.reflect.NativeMethodAccessorImpl.invoke0(Native Method) ~[na:1.8.0_241]
	at sun.reflect.NativeMethodAccessorImpl.invoke(Unknown Source) ~[na:1.8.0_241]
	at sun.reflect.DelegatingMethodAccessorImpl.invoke(Unknown Source) ~[na:1.8.0_241]
	at java.lang.reflect.Method.invoke(Unknown Source) ~[na:1.8.0_241]
	at org.springframework.boot.loader.MainMethodRunner.run(MainMethodRunner.java:48) [Lavalink.jar:na]
	at org.springframework.boot.loader.Launcher.launch(Launcher.java:87) [Lavalink.jar:na]
	at org.springframework.boot.loader.Launcher.launch(Launcher.java:51) [Lavalink.jar:na]
	at org.springframework.boot.loader.JarLauncher.main(JarLauncher.java:52) [Lavalink.jar:na]

2020-04-13 01:39:51.059  WARN 13308 --- [background-preinit] o.s.h.c.j.Jackson2ObjectMapperBuilder    : For Jackson Kotlin classes support please add "com.fasterxml.jackson.module:jackson-module-kotlin" to the classpath
2020-04-13 01:39:51.069 ERROR 13308 --- [main] lavalink.server.Launcher                 : Application failed

java.lang.UnsupportedClassVersionError: lavalink/server/info/AppInfo has been compiled by a more recent version of the Java Runtime (class file version 55.0), this version of the Java Runtime only recognizes class file versions up to 52.0
	at java.lang.ClassLoader.defineClass1(Native Method) ~[na:1.8.0_241]
	at java.lang.ClassLoader.defineClass(Unknown Source) ~[na:1.8.0_241]
	at java.security.SecureClassLoader.defineClass(Unknown Source) ~[na:1.8.0_241]
	at java.net.URLClassLoader.defineClass(Unknown Source) ~[na:1.8.0_241]
	at java.net.URLClassLoader.access$100(Unknown Source) ~[na:1.8.0_241]
	at java.net.URLClassLoader$1.run(Unknown Source) ~[na:1.8.0_241]
	at java.net.URLClassLoader$1.run(Unknown Source) ~[na:1.8.0_241]
	at java.security.AccessController.doPrivileged(Native Method) ~[na:1.8.0_241]
	at java.net.URLClassLoader.findClass(Unknown Source) ~[na:1.8.0_241]
	at java.lang.ClassLoader.loadClass(Unknown Source) ~[na:1.8.0_241]
	at org.springframework.boot.loader.LaunchedURLClassLoader.loadClass(LaunchedURLClassLoader.java:93) ~[Lavalink.jar:na]
	at java.lang.ClassLoader.loadClass(Unknown Source) ~[na:1.8.0_241]
	at lavalink.server.Launcher.getVersionInfo(Launcher.kt:50) [classes!/:na]
	at lavalink.server.Launcher.getVersionInfo$default(Launcher.kt:49) [classes!/:na]
	at lavalink.server.Launcher$main$1.onApplicationEvent(Launcher.kt:118) ~[classes!/:na]
	at lavalink.server.Launcher$main$1.onApplicationEvent(Launcher.kt:43) ~[classes!/:na]
	at org.springframework.context.event.SimpleApplicationEventMulticaster.doInvokeListener(SimpleApplicationEventMulticaster.java:172) ~[spring-context-5.1.9.RELEASE.jar!/:5.1.9.RELEASE]
	at org.springframework.context.event.SimpleApplicationEventMulticaster.invokeListener(SimpleApplicationEventMulticaster.java:165) ~[spring-context-5.1.9.RELEASE.jar!/:5.1.9.RELEASE]
	at org.springframework.context.event.SimpleApplicationEventMulticaster.multicastEvent(SimpleApplicationEventMulticaster.java:139) ~[spring-context-5.1.9.RELEASE.jar!/:5.1.9.RELEASE]
	at org.springframework.context.event.SimpleApplicationEventMulticaster.multicastEvent(SimpleApplicationEventMulticaster.java:127) ~[spring-context-5.1.9.RELEASE.jar!/:5.1.9.RELEASE]
	at org.springframework.boot.context.event.EventPublishingRunListener.environmentPrepared(EventPublishingRunListener.java:76) ~[spring-boot-2.1.8.RELEASE.jar!/:2.1.8.RELEASE]
	at org.springframework.boot.SpringApplicationRunListeners.environmentPrepared(SpringApplicationRunListeners.java:53) ~[spring-boot-2.1.8.RELEASE.jar!/:2.1.8.RELEASE]
	at org.springframework.boot.SpringApplication.prepareEnvironment(SpringApplication.java:342) ~[spring-boot-2.1.8.RELEASE.jar!/:2.1.8.RELEASE]
	at org.springframework.boot.SpringApplication.run(SpringApplication.java:305) ~[spring-boot-2.1.8.RELEASE.jar!/:2.1.8.RELEASE]
	at lavalink.server.Launcher.main(Launcher.kt:127) [classes!/:na]
	at sun.reflect.NativeMethodAccessorImpl.invoke0(Native Method) ~[na:1.8.0_241]
	at sun.reflect.NativeMethodAccessorImpl.invoke(Unknown Source) ~[na:1.8.0_241]
	at sun.reflect.DelegatingMethodAccessorImpl.invoke(Unknown Source) ~[na:1.8.0_241]
	at java.lang.reflect.Method.invoke(Unknown Source) ~[na:1.8.0_241]
	at org.springframework.boot.loader.MainMethodRunner.run(MainMethodRunner.java:48) [Lavalink.jar:na]
	at org.springframework.boot.loader.Launcher.launch(Launcher.java:87) [Lavalink.jar:na]
	at org.springframework.boot.loader.Launcher.launch(Launcher.java:51) [Lavalink.jar:na]
	at org.springframework.boot.loader.JarLauncher.main(JarLauncher.java:52) [Lavalink.jar:na]

2020-04-13 01:39:51.069 ERROR 13308 --- [main] o.s.boot.SpringApplication               : Application run failed

java.lang.UnsupportedClassVersionError: lavalink/server/info/AppInfo has been compiled by a more recent version of the Java Runtime (class file version 55.0), this version of the Java Runtime only recognizes class file versions up to 52.0
	at java.lang.ClassLoader.defineClass1(Native Method) ~[na:1.8.0_241]
	at java.lang.ClassLoader.defineClass(Unknown Source) ~[na:1.8.0_241]
	at java.security.SecureClassLoader.defineClass(Unknown Source) ~[na:1.8.0_241]
	at java.net.URLClassLoader.defineClass(Unknown Source) ~[na:1.8.0_241]
	at java.net.URLClassLoader.access$100(Unknown Source) ~[na:1.8.0_241]
	at java.net.URLClassLoader$1.run(Unknown Source) ~[na:1.8.0_241]
	at java.net.URLClassLoader$1.run(Unknown Source) ~[na:1.8.0_241]
	at java.security.AccessController.doPrivileged(Native Method) ~[na:1.8.0_241]
	at java.net.URLClassLoader.findClass(Unknown Source) ~[na:1.8.0_241]
	at java.lang.ClassLoader.loadClass(Unknown Source) ~[na:1.8.0_241]
	at org.springframework.boot.loader.LaunchedURLClassLoader.loadClass(LaunchedURLClassLoader.java:93) ~[Lavalink.jar:na]
	at java.lang.ClassLoader.loadClass(Unknown Source) ~[na:1.8.0_241]
	at lavalink.server.Launcher.getVersionInfo(Launcher.kt:50) [classes!/:na]
	at lavalink.server.Launcher.getVersionInfo$default(Launcher.kt:49) [classes!/:na]
	at lavalink.server.Launcher$main$1.onApplicationEvent(Launcher.kt:118) ~[classes!/:na]
	at lavalink.server.Launcher$main$1.onApplicationEvent(Launcher.kt:43) ~[classes!/:na]
	at org.springframework.context.event.SimpleApplicationEventMulticaster.doInvokeListener(SimpleApplicationEventMulticaster.java:172) ~[spring-context-5.1.9.RELEASE.jar!/:5.1.9.RELEASE]
	at org.springframework.context.event.SimpleApplicationEventMulticaster.invokeListener(SimpleApplicationEventMulticaster.java:165) ~[spring-context-5.1.9.RELEASE.jar!/:5.1.9.RELEASE]
	at org.springframework.context.event.SimpleApplicationEventMulticaster.multicastEvent(SimpleApplicationEventMulticaster.java:139) ~[spring-context-5.1.9.RELEASE.jar!/:5.1.9.RELEASE]
	at org.springframework.context.event.SimpleApplicationEventMulticaster.multicastEvent(SimpleApplicationEventMulticaster.java:127) ~[spring-context-5.1.9.RELEASE.jar!/:5.1.9.RELEASE]
	at org.springframework.boot.context.event.EventPublishingRunListener.environmentPrepared(EventPublishingRunListener.java:76) ~[spring-boot-2.1.8.RELEASE.jar!/:2.1.8.RELEASE]
	at org.springframework.boot.SpringApplicationRunListeners.environmentPrepared(SpringApplicationRunListeners.java:53) ~[spring-boot-2.1.8.RELEASE.jar!/:2.1.8.RELEASE]
	at org.springframework.boot.SpringApplication.prepareEnvironment(SpringApplication.java:342) ~[spring-boot-2.1.8.RELEASE.jar!/:2.1.8.RELEASE]
	at org.springframework.boot.SpringApplication.run(SpringApplication.java:305) ~[spring-boot-2.1.8.RELEASE.jar!/:2.1.8.RELEASE]
	at lavalink.server.Launcher.main(Launcher.kt:127) [classes!/:na]
	at sun.reflect.NativeMethodAccessorImpl.invoke0(Native Method) ~[na:1.8.0_241]
	at sun.reflect.NativeMethodAccessorImpl.invoke(Unknown Source) ~[na:1.8.0_241]
	at sun.reflect.DelegatingMethodAccessorImpl.invoke(Unknown Source) ~[na:1.8.0_241]
	at java.lang.reflect.Method.invoke(Unknown Source) ~[na:1.8.0_241]
	at org.springframework.boot.loader.MainMethodRunner.run(MainMethodRunner.java:48) [Lavalink.jar:na]
	at org.springframework.boot.loader.Launcher.launch(Launcher.java:87) [Lavalink.jar:na]
	at org.springframework.boot.loader.Launcher.launch(Launcher.java:51) [Lavalink.jar:na]
	at org.springframework.boot.loader.JarLauncher.main(JarLauncher.java:52) [Lavalink.jar:na]

2020-04-13 01:39:58.429  WARN 15976 --- [background-preinit] o.s.h.c.j.Jackson2ObjectMapperBuilder    : For Jackson Kotlin classes support please add "com.fasterxml.jackson.module:jackson-module-kotlin" to the classpath
2020-04-13 01:39:58.449 ERROR 15976 --- [main] lavalink.server.Launcher                 : Application failed

java.lang.UnsupportedClassVersionError: lavalink/server/info/AppInfo has been compiled by a more recent version of the Java Runtime (class file version 55.0), this version of the Java Runtime only recognizes class file versions up to 52.0
	at java.lang.ClassLoader.defineClass1(Native Method) ~[na:1.8.0_241]
	at java.lang.ClassLoader.defineClass(Unknown Source) ~[na:1.8.0_241]
	at java.security.SecureClassLoader.defineClass(Unknown Source) ~[na:1.8.0_241]
	at java.net.URLClassLoader.defineClass(Unknown Source) ~[na:1.8.0_241]
	at java.net.URLClassLoader.access$100(Unknown Source) ~[na:1.8.0_241]
	at java.net.URLClassLoader$1.run(Unknown Source) ~[na:1.8.0_241]
	at java.net.URLClassLoader$1.run(Unknown Source) ~[na:1.8.0_241]
	at java.security.AccessController.doPrivileged(Native Method) ~[na:1.8.0_241]
	at java.net.URLClassLoader.findClass(Unknown Source) ~[na:1.8.0_241]
	at java.lang.ClassLoader.loadClass(Unknown Source) ~[na:1.8.0_241]
	at org.springframework.boot.loader.LaunchedURLClassLoader.loadClass(LaunchedURLClassLoader.java:93) ~[Lavalink.jar:na]
	at java.lang.ClassLoader.loadClass(Unknown Source) ~[na:1.8.0_241]
	at lavalink.server.Launcher.getVersionInfo(Launcher.kt:50) [classes!/:na]
	at lavalink.server.Launcher.getVersionInfo$default(Launcher.kt:49) [classes!/:na]
	at lavalink.server.Launcher$main$1.onApplicationEvent(Launcher.kt:118) ~[classes!/:na]
	at lavalink.server.Launcher$main$1.onApplicationEvent(Launcher.kt:43) ~[classes!/:na]
	at org.springframework.context.event.SimpleApplicationEventMulticaster.doInvokeListener(SimpleApplicationEventMulticaster.java:172) ~[spring-context-5.1.9.RELEASE.jar!/:5.1.9.RELEASE]
	at org.springframework.context.event.SimpleApplicationEventMulticaster.invokeListener(SimpleApplicationEventMulticaster.java:165) ~[spring-context-5.1.9.RELEASE.jar!/:5.1.9.RELEASE]
	at org.springframework.context.event.SimpleApplicationEventMulticaster.multicastEvent(SimpleApplicationEventMulticaster.java:139) ~[spring-context-5.1.9.RELEASE.jar!/:5.1.9.RELEASE]
	at org.springframework.context.event.SimpleApplicationEventMulticaster.multicastEvent(SimpleApplicationEventMulticaster.java:127) ~[spring-context-5.1.9.RELEASE.jar!/:5.1.9.RELEASE]
	at org.springframework.boot.context.event.EventPublishingRunListener.environmentPrepared(EventPublishingRunListener.java:76) ~[spring-boot-2.1.8.RELEASE.jar!/:2.1.8.RELEASE]
	at org.springframework.boot.SpringApplicationRunListeners.environmentPrepared(SpringApplicationRunListeners.java:53) ~[spring-boot-2.1.8.RELEASE.jar!/:2.1.8.RELEASE]
	at org.springframework.boot.SpringApplication.prepareEnvironment(SpringApplication.java:342) ~[spring-boot-2.1.8.RELEASE.jar!/:2.1.8.RELEASE]
	at org.springframework.boot.SpringApplication.run(SpringApplication.java:305) ~[spring-boot-2.1.8.RELEASE.jar!/:2.1.8.RELEASE]
	at lavalink.server.Launcher.main(Launcher.kt:127) [classes!/:na]
	at sun.reflect.NativeMethodAccessorImpl.invoke0(Native Method) ~[na:1.8.0_241]
	at sun.reflect.NativeMethodAccessorImpl.invoke(Unknown Source) ~[na:1.8.0_241]
	at sun.reflect.DelegatingMethodAccessorImpl.invoke(Unknown Source) ~[na:1.8.0_241]
	at java.lang.reflect.Method.invoke(Unknown Source) ~[na:1.8.0_241]
	at org.springframework.boot.loader.MainMethodRunner.run(MainMethodRunner.java:48) [Lavalink.jar:na]
	at org.springframework.boot.loader.Launcher.launch(Launcher.java:87) [Lavalink.jar:na]
	at org.springframework.boot.loader.Launcher.launch(Launcher.java:51) [Lavalink.jar:na]
	at org.springframework.boot.loader.JarLauncher.main(JarLauncher.java:52) [Lavalink.jar:na]

2020-04-13 01:39:58.449 ERROR 15976 --- [main] o.s.boot.SpringApplication               : Application run failed

java.lang.UnsupportedClassVersionError: lavalink/server/info/AppInfo has been compiled by a more recent version of the Java Runtime (class file version 55.0), this version of the Java Runtime only recognizes class file versions up to 52.0
	at java.lang.ClassLoader.defineClass1(Native Method) ~[na:1.8.0_241]
	at java.lang.ClassLoader.defineClass(Unknown Source) ~[na:1.8.0_241]
	at java.security.SecureClassLoader.defineClass(Unknown Source) ~[na:1.8.0_241]
	at java.net.URLClassLoader.defineClass(Unknown Source) ~[na:1.8.0_241]
	at java.net.URLClassLoader.access$100(Unknown Source) ~[na:1.8.0_241]
	at java.net.URLClassLoader$1.run(Unknown Source) ~[na:1.8.0_241]
	at java.net.URLClassLoader$1.run(Unknown Source) ~[na:1.8.0_241]
	at java.security.AccessController.doPrivileged(Native Method) ~[na:1.8.0_241]
	at java.net.URLClassLoader.findClass(Unknown Source) ~[na:1.8.0_241]
	at java.lang.ClassLoader.loadClass(Unknown Source) ~[na:1.8.0_241]
	at org.springframework.boot.loader.LaunchedURLClassLoader.loadClass(LaunchedURLClassLoader.java:93) ~[Lavalink.jar:na]
	at java.lang.ClassLoader.loadClass(Unknown Source) ~[na:1.8.0_241]
	at lavalink.server.Launcher.getVersionInfo(Launcher.kt:50) [classes!/:na]
	at lavalink.server.Launcher.getVersionInfo$default(Launcher.kt:49) [classes!/:na]
	at lavalink.server.Launcher$main$1.onApplicationEvent(Launcher.kt:118) ~[classes!/:na]
	at lavalink.server.Launcher$main$1.onApplicationEvent(Launcher.kt:43) ~[classes!/:na]
	at org.springframework.context.event.SimpleApplicationEventMulticaster.doInvokeListener(SimpleApplicationEventMulticaster.java:172) ~[spring-context-5.1.9.RELEASE.jar!/:5.1.9.RELEASE]
	at org.springframework.context.event.SimpleApplicationEventMulticaster.invokeListener(SimpleApplicationEventMulticaster.java:165) ~[spring-context-5.1.9.RELEASE.jar!/:5.1.9.RELEASE]
	at org.springframework.context.event.SimpleApplicationEventMulticaster.multicastEvent(SimpleApplicationEventMulticaster.java:139) ~[spring-context-5.1.9.RELEASE.jar!/:5.1.9.RELEASE]
	at org.springframework.context.event.SimpleApplicationEventMulticaster.multicastEvent(SimpleApplicationEventMulticaster.java:127) ~[spring-context-5.1.9.RELEASE.jar!/:5.1.9.RELEASE]
	at org.springframework.boot.context.event.EventPublishingRunListener.environmentPrepared(EventPublishingRunListener.java:76) ~[spring-boot-2.1.8.RELEASE.jar!/:2.1.8.RELEASE]
	at org.springframework.boot.SpringApplicationRunListeners.environmentPrepared(SpringApplicationRunListeners.java:53) ~[spring-boot-2.1.8.RELEASE.jar!/:2.1.8.RELEASE]
	at org.springframework.boot.SpringApplication.prepareEnvironment(SpringApplication.java:342) ~[spring-boot-2.1.8.RELEASE.jar!/:2.1.8.RELEASE]
	at org.springframework.boot.SpringApplication.run(SpringApplication.java:305) ~[spring-boot-2.1.8.RELEASE.jar!/:2.1.8.RELEASE]
	at lavalink.server.Launcher.main(Launcher.kt:127) [classes!/:na]
	at sun.reflect.NativeMethodAccessorImpl.invoke0(Native Method) ~[na:1.8.0_241]
	at sun.reflect.NativeMethodAccessorImpl.invoke(Unknown Source) ~[na:1.8.0_241]
	at sun.reflect.DelegatingMethodAccessorImpl.invoke(Unknown Source) ~[na:1.8.0_241]
	at java.lang.reflect.Method.invoke(Unknown Source) ~[na:1.8.0_241]
	at org.springframework.boot.loader.MainMethodRunner.run(MainMethodRunner.java:48) [Lavalink.jar:na]
	at org.springframework.boot.loader.Launcher.launch(Launcher.java:87) [Lavalink.jar:na]
	at org.springframework.boot.loader.Launcher.launch(Launcher.java:51) [Lavalink.jar:na]
	at org.springframework.boot.loader.JarLauncher.main(JarLauncher.java:52) [Lavalink.jar:na]

2020-04-13 01:40:58.724  WARN 16412 --- [background-preinit] o.s.h.c.j.Jackson2ObjectMapperBuilder    : For Jackson Kotlin classes support please add "com.fasterxml.jackson.module:jackson-module-kotlin" to the classpath
2020-04-13 01:40:58.739 ERROR 16412 --- [main] lavalink.server.Launcher                 : Application failed

java.lang.UnsupportedClassVersionError: lavalink/server/info/AppInfo has been compiled by a more recent version of the Java Runtime (class file version 55.0), this version of the Java Runtime only recognizes class file versions up to 52.0
	at java.lang.ClassLoader.defineClass1(Native Method) ~[na:1.8.0_241]
	at java.lang.ClassLoader.defineClass(Unknown Source) ~[na:1.8.0_241]
	at java.security.SecureClassLoader.defineClass(Unknown Source) ~[na:1.8.0_241]
	at java.net.URLClassLoader.defineClass(Unknown Source) ~[na:1.8.0_241]
	at java.net.URLClassLoader.access$100(Unknown Source) ~[na:1.8.0_241]
	at java.net.URLClassLoader$1.run(Unknown Source) ~[na:1.8.0_241]
	at java.net.URLClassLoader$1.run(Unknown Source) ~[na:1.8.0_241]
	at java.security.AccessController.doPrivileged(Native Method) ~[na:1.8.0_241]
	at java.net.URLClassLoader.findClass(Unknown Source) ~[na:1.8.0_241]
	at java.lang.ClassLoader.loadClass(Unknown Source) ~[na:1.8.0_241]
	at org.springframework.boot.loader.LaunchedURLClassLoader.loadClass(LaunchedURLClassLoader.java:93) ~[Lavalink.jar:na]
	at java.lang.ClassLoader.loadClass(Unknown Source) ~[na:1.8.0_241]
	at lavalink.server.Launcher.getVersionInfo(Launcher.kt:50) [classes!/:na]
	at lavalink.server.Launcher.getVersionInfo$default(Launcher.kt:49) [classes!/:na]
	at lavalink.server.Launcher$main$1.onApplicationEvent(Launcher.kt:118) ~[classes!/:na]
	at lavalink.server.Launcher$main$1.onApplicationEvent(Launcher.kt:43) ~[classes!/:na]
	at org.springframework.context.event.SimpleApplicationEventMulticaster.doInvokeListener(SimpleApplicationEventMulticaster.java:172) ~[spring-context-5.1.9.RELEASE.jar!/:5.1.9.RELEASE]
	at org.springframework.context.event.SimpleApplicationEventMulticaster.invokeListener(SimpleApplicationEventMulticaster.java:165) ~[spring-context-5.1.9.RELEASE.jar!/:5.1.9.RELEASE]
	at org.springframework.context.event.SimpleApplicationEventMulticaster.multicastEvent(SimpleApplicationEventMulticaster.java:139) ~[spring-context-5.1.9.RELEASE.jar!/:5.1.9.RELEASE]
	at org.springframework.context.event.SimpleApplicationEventMulticaster.multicastEvent(SimpleApplicationEventMulticaster.java:127) ~[spring-context-5.1.9.RELEASE.jar!/:5.1.9.RELEASE]
	at org.springframework.boot.context.event.EventPublishingRunListener.environmentPrepared(EventPublishingRunListener.java:76) ~[spring-boot-2.1.8.RELEASE.jar!/:2.1.8.RELEASE]
	at org.springframework.boot.SpringApplicationRunListeners.environmentPrepared(SpringApplicationRunListeners.java:53) ~[spring-boot-2.1.8.RELEASE.jar!/:2.1.8.RELEASE]
	at org.springframework.boot.SpringApplication.prepareEnvironment(SpringApplication.java:342) ~[spring-boot-2.1.8.RELEASE.jar!/:2.1.8.RELEASE]
	at org.springframework.boot.SpringApplication.run(SpringApplication.java:305) ~[spring-boot-2.1.8.RELEASE.jar!/:2.1.8.RELEASE]
	at lavalink.server.Launcher.main(Launcher.kt:127) [classes!/:na]
	at sun.reflect.NativeMethodAccessorImpl.invoke0(Native Method) ~[na:1.8.0_241]
	at sun.reflect.NativeMethodAccessorImpl.invoke(Unknown Source) ~[na:1.8.0_241]
	at sun.reflect.DelegatingMethodAccessorImpl.invoke(Unknown Source) ~[na:1.8.0_241]
	at java.lang.reflect.Method.invoke(Unknown Source) ~[na:1.8.0_241]
	at org.springframework.boot.loader.MainMethodRunner.run(MainMethodRunner.java:48) [Lavalink.jar:na]
	at org.springframework.boot.loader.Launcher.launch(Launcher.java:87) [Lavalink.jar:na]
	at org.springframework.boot.loader.Launcher.launch(Launcher.java:51) [Lavalink.jar:na]
	at org.springframework.boot.loader.JarLauncher.main(JarLauncher.java:52) [Lavalink.jar:na]

2020-04-13 01:40:58.744 ERROR 16412 --- [main] o.s.boot.SpringApplication               : Application run failed

java.lang.UnsupportedClassVersionError: lavalink/server/info/AppInfo has been compiled by a more recent version of the Java Runtime (class file version 55.0), this version of the Java Runtime only recognizes class file versions up to 52.0
	at java.lang.ClassLoader.defineClass1(Native Method) ~[na:1.8.0_241]
	at java.lang.ClassLoader.defineClass(Unknown Source) ~[na:1.8.0_241]
	at java.security.SecureClassLoader.defineClass(Unknown Source) ~[na:1.8.0_241]
	at java.net.URLClassLoader.defineClass(Unknown Source) ~[na:1.8.0_241]
	at java.net.URLClassLoader.access$100(Unknown Source) ~[na:1.8.0_241]
	at java.net.URLClassLoader$1.run(Unknown Source) ~[na:1.8.0_241]
	at java.net.URLClassLoader$1.run(Unknown Source) ~[na:1.8.0_241]
	at java.security.AccessController.doPrivileged(Native Method) ~[na:1.8.0_241]
	at java.net.URLClassLoader.findClass(Unknown Source) ~[na:1.8.0_241]
	at java.lang.ClassLoader.loadClass(Unknown Source) ~[na:1.8.0_241]
	at org.springframework.boot.loader.LaunchedURLClassLoader.loadClass(LaunchedURLClassLoader.java:93) ~[Lavalink.jar:na]
	at java.lang.ClassLoader.loadClass(Unknown Source) ~[na:1.8.0_241]
	at lavalink.server.Launcher.getVersionInfo(Launcher.kt:50) [classes!/:na]
	at lavalink.server.Launcher.getVersionInfo$default(Launcher.kt:49) [classes!/:na]
	at lavalink.server.Launcher$main$1.onApplicationEvent(Launcher.kt:118) ~[classes!/:na]
	at lavalink.server.Launcher$main$1.onApplicationEvent(Launcher.kt:43) ~[classes!/:na]
	at org.springframework.context.event.SimpleApplicationEventMulticaster.doInvokeListener(SimpleApplicationEventMulticaster.java:172) ~[spring-context-5.1.9.RELEASE.jar!/:5.1.9.RELEASE]
	at org.springframework.context.event.SimpleApplicationEventMulticaster.invokeListener(SimpleApplicationEventMulticaster.java:165) ~[spring-context-5.1.9.RELEASE.jar!/:5.1.9.RELEASE]
	at org.springframework.context.event.SimpleApplicationEventMulticaster.multicastEvent(SimpleApplicationEventMulticaster.java:139) ~[spring-context-5.1.9.RELEASE.jar!/:5.1.9.RELEASE]
	at org.springframework.context.event.SimpleApplicationEventMulticaster.multicastEvent(SimpleApplicationEventMulticaster.java:127) ~[spring-context-5.1.9.RELEASE.jar!/:5.1.9.RELEASE]
	at org.springframework.boot.context.event.EventPublishingRunListener.environmentPrepared(EventPublishingRunListener.java:76) ~[spring-boot-2.1.8.RELEASE.jar!/:2.1.8.RELEASE]
	at org.springframework.boot.SpringApplicationRunListeners.environmentPrepared(SpringApplicationRunListeners.java:53) ~[spring-boot-2.1.8.RELEASE.jar!/:2.1.8.RELEASE]
	at org.springframework.boot.SpringApplication.prepareEnvironment(SpringApplication.java:342) ~[spring-boot-2.1.8.RELEASE.jar!/:2.1.8.RELEASE]
	at org.springframework.boot.SpringApplication.run(SpringApplication.java:305) ~[spring-boot-2.1.8.RELEASE.jar!/:2.1.8.RELEASE]
	at lavalink.server.Launcher.main(Launcher.kt:127) [classes!/:na]
	at sun.reflect.NativeMethodAccessorImpl.invoke0(Native Method) ~[na:1.8.0_241]
	at sun.reflect.NativeMethodAccessorImpl.invoke(Unknown Source) ~[na:1.8.0_241]
	at sun.reflect.DelegatingMethodAccessorImpl.invoke(Unknown Source) ~[na:1.8.0_241]
	at java.lang.reflect.Method.invoke(Unknown Source) ~[na:1.8.0_241]
	at org.springframework.boot.loader.MainMethodRunner.run(MainMethodRunner.java:48) [Lavalink.jar:na]
	at org.springframework.boot.loader.Launcher.launch(Launcher.java:87) [Lavalink.jar:na]
	at org.springframework.boot.loader.Launcher.launch(Launcher.java:51) [Lavalink.jar:na]
	at org.springframework.boot.loader.JarLauncher.main(JarLauncher.java:52) [Lavalink.jar:na]

2020-04-13 01:41:35.214  WARN 16548 --- [background-preinit] o.s.h.c.j.Jackson2ObjectMapperBuilder    : For Jackson Kotlin classes support please add "com.fasterxml.jackson.module:jackson-module-kotlin" to the classpath
2020-04-13 01:41:35.229 ERROR 16548 --- [main] lavalink.server.Launcher                 : Application failed

java.lang.UnsupportedClassVersionError: lavalink/server/info/AppInfo has been compiled by a more recent version of the Java Runtime (class file version 55.0), this version of the Java Runtime only recognizes class file versions up to 52.0
	at java.lang.ClassLoader.defineClass1(Native Method) ~[na:1.8.0_241]
	at java.lang.ClassLoader.defineClass(Unknown Source) ~[na:1.8.0_241]
	at java.security.SecureClassLoader.defineClass(Unknown Source) ~[na:1.8.0_241]
	at java.net.URLClassLoader.defineClass(Unknown Source) ~[na:1.8.0_241]
	at java.net.URLClassLoader.access$100(Unknown Source) ~[na:1.8.0_241]
	at java.net.URLClassLoader$1.run(Unknown Source) ~[na:1.8.0_241]
	at java.net.URLClassLoader$1.run(Unknown Source) ~[na:1.8.0_241]
	at java.security.AccessController.doPrivileged(Native Method) ~[na:1.8.0_241]
	at java.net.URLClassLoader.findClass(Unknown Source) ~[na:1.8.0_241]
	at java.lang.ClassLoader.loadClass(Unknown Source) ~[na:1.8.0_241]
	at org.springframework.boot.loader.LaunchedURLClassLoader.loadClass(LaunchedURLClassLoader.java:93) ~[Lavalink.jar:na]
	at java.lang.ClassLoader.loadClass(Unknown Source) ~[na:1.8.0_241]
	at lavalink.server.Launcher.getVersionInfo(Launcher.kt:50) [classes!/:na]
	at lavalink.server.Launcher.getVersionInfo$default(Launcher.kt:49) [classes!/:na]
	at lavalink.server.Launcher$main$1.onApplicationEvent(Launcher.kt:118) ~[classes!/:na]
	at lavalink.server.Launcher$main$1.onApplicationEvent(Launcher.kt:43) ~[classes!/:na]
	at org.springframework.context.event.SimpleApplicationEventMulticaster.doInvokeListener(SimpleApplicationEventMulticaster.java:172) ~[spring-context-5.1.9.RELEASE.jar!/:5.1.9.RELEASE]
	at org.springframework.context.event.SimpleApplicationEventMulticaster.invokeListener(SimpleApplicationEventMulticaster.java:165) ~[spring-context-5.1.9.RELEASE.jar!/:5.1.9.RELEASE]
	at org.springframework.context.event.SimpleApplicationEventMulticaster.multicastEvent(SimpleApplicationEventMulticaster.java:139) ~[spring-context-5.1.9.RELEASE.jar!/:5.1.9.RELEASE]
	at org.springframework.context.event.SimpleApplicationEventMulticaster.multicastEvent(SimpleApplicationEventMulticaster.java:127) ~[spring-context-5.1.9.RELEASE.jar!/:5.1.9.RELEASE]
	at org.springframework.boot.context.event.EventPublishingRunListener.environmentPrepared(EventPublishingRunListener.java:76) ~[spring-boot-2.1.8.RELEASE.jar!/:2.1.8.RELEASE]
	at org.springframework.boot.SpringApplicationRunListeners.environmentPrepared(SpringApplicationRunListeners.java:53) ~[spring-boot-2.1.8.RELEASE.jar!/:2.1.8.RELEASE]
	at org.springframework.boot.SpringApplication.prepareEnvironment(SpringApplication.java:342) ~[spring-boot-2.1.8.RELEASE.jar!/:2.1.8.RELEASE]
	at org.springframework.boot.SpringApplication.run(SpringApplication.java:305) ~[spring-boot-2.1.8.RELEASE.jar!/:2.1.8.RELEASE]
	at lavalink.server.Launcher.main(Launcher.kt:127) [classes!/:na]
	at sun.reflect.NativeMethodAccessorImpl.invoke0(Native Method) ~[na:1.8.0_241]
	at sun.reflect.NativeMethodAccessorImpl.invoke(Unknown Source) ~[na:1.8.0_241]
	at sun.reflect.DelegatingMethodAccessorImpl.invoke(Unknown Source) ~[na:1.8.0_241]
	at java.lang.reflect.Method.invoke(Unknown Source) ~[na:1.8.0_241]
	at org.springframework.boot.loader.MainMethodRunner.run(MainMethodRunner.java:48) [Lavalink.jar:na]
	at org.springframework.boot.loader.Launcher.launch(Launcher.java:87) [Lavalink.jar:na]
	at org.springframework.boot.loader.Launcher.launch(Launcher.java:51) [Lavalink.jar:na]
	at org.springframework.boot.loader.JarLauncher.main(JarLauncher.java:52) [Lavalink.jar:na]

2020-04-13 01:41:35.229 ERROR 16548 --- [main] o.s.boot.SpringApplication               : Application run failed

java.lang.UnsupportedClassVersionError: lavalink/server/info/AppInfo has been compiled by a more recent version of the Java Runtime (class file version 55.0), this version of the Java Runtime only recognizes class file versions up to 52.0
	at java.lang.ClassLoader.defineClass1(Native Method) ~[na:1.8.0_241]
	at java.lang.ClassLoader.defineClass(Unknown Source) ~[na:1.8.0_241]
	at java.security.SecureClassLoader.defineClass(Unknown Source) ~[na:1.8.0_241]
	at java.net.URLClassLoader.defineClass(Unknown Source) ~[na:1.8.0_241]
	at java.net.URLClassLoader.access$100(Unknown Source) ~[na:1.8.0_241]
	at java.net.URLClassLoader$1.run(Unknown Source) ~[na:1.8.0_241]
	at java.net.URLClassLoader$1.run(Unknown Source) ~[na:1.8.0_241]
	at java.security.AccessController.doPrivileged(Native Method) ~[na:1.8.0_241]
	at java.net.URLClassLoader.findClass(Unknown Source) ~[na:1.8.0_241]
	at java.lang.ClassLoader.loadClass(Unknown Source) ~[na:1.8.0_241]
	at org.springframework.boot.loader.LaunchedURLClassLoader.loadClass(LaunchedURLClassLoader.java:93) ~[Lavalink.jar:na]
	at java.lang.ClassLoader.loadClass(Unknown Source) ~[na:1.8.0_241]
	at lavalink.server.Launcher.getVersionInfo(Launcher.kt:50) [classes!/:na]
	at lavalink.server.Launcher.getVersionInfo$default(Launcher.kt:49) [classes!/:na]
	at lavalink.server.Launcher$main$1.onApplicationEvent(Launcher.kt:118) ~[classes!/:na]
	at lavalink.server.Launcher$main$1.onApplicationEvent(Launcher.kt:43) ~[classes!/:na]
	at org.springframework.context.event.SimpleApplicationEventMulticaster.doInvokeListener(SimpleApplicationEventMulticaster.java:172) ~[spring-context-5.1.9.RELEASE.jar!/:5.1.9.RELEASE]
	at org.springframework.context.event.SimpleApplicationEventMulticaster.invokeListener(SimpleApplicationEventMulticaster.java:165) ~[spring-context-5.1.9.RELEASE.jar!/:5.1.9.RELEASE]
	at org.springframework.context.event.SimpleApplicationEventMulticaster.multicastEvent(SimpleApplicationEventMulticaster.java:139) ~[spring-context-5.1.9.RELEASE.jar!/:5.1.9.RELEASE]
	at org.springframework.context.event.SimpleApplicationEventMulticaster.multicastEvent(SimpleApplicationEventMulticaster.java:127) ~[spring-context-5.1.9.RELEASE.jar!/:5.1.9.RELEASE]
	at org.springframework.boot.context.event.EventPublishingRunListener.environmentPrepared(EventPublishingRunListener.java:76) ~[spring-boot-2.1.8.RELEASE.jar!/:2.1.8.RELEASE]
	at org.springframework.boot.SpringApplicationRunListeners.environmentPrepared(SpringApplicationRunListeners.java:53) ~[spring-boot-2.1.8.RELEASE.jar!/:2.1.8.RELEASE]
	at org.springframework.boot.SpringApplication.prepareEnvironment(SpringApplication.java:342) ~[spring-boot-2.1.8.RELEASE.jar!/:2.1.8.RELEASE]
	at org.springframework.boot.SpringApplication.run(SpringApplication.java:305) ~[spring-boot-2.1.8.RELEASE.jar!/:2.1.8.RELEASE]
	at lavalink.server.Launcher.main(Launcher.kt:127) [classes!/:na]
	at sun.reflect.NativeMethodAccessorImpl.invoke0(Native Method) ~[na:1.8.0_241]
	at sun.reflect.NativeMethodAccessorImpl.invoke(Unknown Source) ~[na:1.8.0_241]
	at sun.reflect.DelegatingMethodAccessorImpl.invoke(Unknown Source) ~[na:1.8.0_241]
	at java.lang.reflect.Method.invoke(Unknown Source) ~[na:1.8.0_241]
	at org.springframework.boot.loader.MainMethodRunner.run(MainMethodRunner.java:48) [Lavalink.jar:na]
	at org.springframework.boot.loader.Launcher.launch(Launcher.java:87) [Lavalink.jar:na]
	at org.springframework.boot.loader.Launcher.launch(Launcher.java:51) [Lavalink.jar:na]
	at org.springframework.boot.loader.JarLauncher.main(JarLauncher.java:52) [Lavalink.jar:na]

2020-04-13 01:41:42.029  WARN 17208 --- [background-preinit] o.s.h.c.j.Jackson2ObjectMapperBuilder    : For Jackson Kotlin classes support please add "com.fasterxml.jackson.module:jackson-module-kotlin" to the classpath
2020-04-13 01:41:42.039 ERROR 17208 --- [main] lavalink.server.Launcher                 : Application failed

java.lang.UnsupportedClassVersionError: lavalink/server/info/AppInfo has been compiled by a more recent version of the Java Runtime (class file version 55.0), this version of the Java Runtime only recognizes class file versions up to 52.0
	at java.lang.ClassLoader.defineClass1(Native Method) ~[na:1.8.0_241]
	at java.lang.ClassLoader.defineClass(Unknown Source) ~[na:1.8.0_241]
	at java.security.SecureClassLoader.defineClass(Unknown Source) ~[na:1.8.0_241]
	at java.net.URLClassLoader.defineClass(Unknown Source) ~[na:1.8.0_241]
	at java.net.URLClassLoader.access$100(Unknown Source) ~[na:1.8.0_241]
	at java.net.URLClassLoader$1.run(Unknown Source) ~[na:1.8.0_241]
	at java.net.URLClassLoader$1.run(Unknown Source) ~[na:1.8.0_241]
	at java.security.AccessController.doPrivileged(Native Method) ~[na:1.8.0_241]
	at java.net.URLClassLoader.findClass(Unknown Source) ~[na:1.8.0_241]
	at java.lang.ClassLoader.loadClass(Unknown Source) ~[na:1.8.0_241]
	at org.springframework.boot.loader.LaunchedURLClassLoader.loadClass(LaunchedURLClassLoader.java:93) ~[Lavalink.jar:na]
	at java.lang.ClassLoader.loadClass(Unknown Source) ~[na:1.8.0_241]
	at lavalink.server.Launcher.getVersionInfo(Launcher.kt:50) [classes!/:na]
	at lavalink.server.Launcher.getVersionInfo$default(Launcher.kt:49) [classes!/:na]
	at lavalink.server.Launcher$main$1.onApplicationEvent(Launcher.kt:118) ~[classes!/:na]
	at lavalink.server.Launcher$main$1.onApplicationEvent(Launcher.kt:43) ~[classes!/:na]
	at org.springframework.context.event.SimpleApplicationEventMulticaster.doInvokeListener(SimpleApplicationEventMulticaster.java:172) ~[spring-context-5.1.9.RELEASE.jar!/:5.1.9.RELEASE]
	at org.springframework.context.event.SimpleApplicationEventMulticaster.invokeListener(SimpleApplicationEventMulticaster.java:165) ~[spring-context-5.1.9.RELEASE.jar!/:5.1.9.RELEASE]
	at org.springframework.context.event.SimpleApplicationEventMulticaster.multicastEvent(SimpleApplicationEventMulticaster.java:139) ~[spring-context-5.1.9.RELEASE.jar!/:5.1.9.RELEASE]
	at org.springframework.context.event.SimpleApplicationEventMulticaster.multicastEvent(SimpleApplicationEventMulticaster.java:127) ~[spring-context-5.1.9.RELEASE.jar!/:5.1.9.RELEASE]
	at org.springframework.boot.context.event.EventPublishingRunListener.environmentPrepared(EventPublishingRunListener.java:76) ~[spring-boot-2.1.8.RELEASE.jar!/:2.1.8.RELEASE]
	at org.springframework.boot.SpringApplicationRunListeners.environmentPrepared(SpringApplicationRunListeners.java:53) ~[spring-boot-2.1.8.RELEASE.jar!/:2.1.8.RELEASE]
	at org.springframework.boot.SpringApplication.prepareEnvironment(SpringApplication.java:342) ~[spring-boot-2.1.8.RELEASE.jar!/:2.1.8.RELEASE]
	at org.springframework.boot.SpringApplication.run(SpringApplication.java:305) ~[spring-boot-2.1.8.RELEASE.jar!/:2.1.8.RELEASE]
	at lavalink.server.Launcher.main(Launcher.kt:127) [classes!/:na]
	at sun.reflect.NativeMethodAccessorImpl.invoke0(Native Method) ~[na:1.8.0_241]
	at sun.reflect.NativeMethodAccessorImpl.invoke(Unknown Source) ~[na:1.8.0_241]
	at sun.reflect.DelegatingMethodAccessorImpl.invoke(Unknown Source) ~[na:1.8.0_241]
	at java.lang.reflect.Method.invoke(Unknown Source) ~[na:1.8.0_241]
	at org.springframework.boot.loader.MainMethodRunner.run(MainMethodRunner.java:48) [Lavalink.jar:na]
	at org.springframework.boot.loader.Launcher.launch(Launcher.java:87) [Lavalink.jar:na]
	at org.springframework.boot.loader.Launcher.launch(Launcher.java:51) [Lavalink.jar:na]
	at org.springframework.boot.loader.JarLauncher.main(JarLauncher.java:52) [Lavalink.jar:na]

2020-04-13 01:41:42.049 ERROR 17208 --- [main] o.s.boot.SpringApplication               : Application run failed

java.lang.UnsupportedClassVersionError: lavalink/server/info/AppInfo has been compiled by a more recent version of the Java Runtime (class file version 55.0), this version of the Java Runtime only recognizes class file versions up to 52.0
	at java.lang.ClassLoader.defineClass1(Native Method) ~[na:1.8.0_241]
	at java.lang.ClassLoader.defineClass(Unknown Source) ~[na:1.8.0_241]
	at java.security.SecureClassLoader.defineClass(Unknown Source) ~[na:1.8.0_241]
	at java.net.URLClassLoader.defineClass(Unknown Source) ~[na:1.8.0_241]
	at java.net.URLClassLoader.access$100(Unknown Source) ~[na:1.8.0_241]
	at java.net.URLClassLoader$1.run(Unknown Source) ~[na:1.8.0_241]
	at java.net.URLClassLoader$1.run(Unknown Source) ~[na:1.8.0_241]
	at java.security.AccessController.doPrivileged(Native Method) ~[na:1.8.0_241]
	at java.net.URLClassLoader.findClass(Unknown Source) ~[na:1.8.0_241]
	at java.lang.ClassLoader.loadClass(Unknown Source) ~[na:1.8.0_241]
	at org.springframework.boot.loader.LaunchedURLClassLoader.loadClass(LaunchedURLClassLoader.java:93) ~[Lavalink.jar:na]
	at java.lang.ClassLoader.loadClass(Unknown Source) ~[na:1.8.0_241]
	at lavalink.server.Launcher.getVersionInfo(Launcher.kt:50) [classes!/:na]
	at lavalink.server.Launcher.getVersionInfo$default(Launcher.kt:49) [classes!/:na]
	at lavalink.server.Launcher$main$1.onApplicationEvent(Launcher.kt:118) ~[classes!/:na]
	at lavalink.server.Launcher$main$1.onApplicationEvent(Launcher.kt:43) ~[classes!/:na]
	at org.springframework.context.event.SimpleApplicationEventMulticaster.doInvokeListener(SimpleApplicationEventMulticaster.java:172) ~[spring-context-5.1.9.RELEASE.jar!/:5.1.9.RELEASE]
	at org.springframework.context.event.SimpleApplicationEventMulticaster.invokeListener(SimpleApplicationEventMulticaster.java:165) ~[spring-context-5.1.9.RELEASE.jar!/:5.1.9.RELEASE]
	at org.springframework.context.event.SimpleApplicationEventMulticaster.multicastEvent(SimpleApplicationEventMulticaster.java:139) ~[spring-context-5.1.9.RELEASE.jar!/:5.1.9.RELEASE]
	at org.springframework.context.event.SimpleApplicationEventMulticaster.multicastEvent(SimpleApplicationEventMulticaster.java:127) ~[spring-context-5.1.9.RELEASE.jar!/:5.1.9.RELEASE]
	at org.springframework.boot.context.event.EventPublishingRunListener.environmentPrepared(EventPublishingRunListener.java:76) ~[spring-boot-2.1.8.RELEASE.jar!/:2.1.8.RELEASE]
	at org.springframework.boot.SpringApplicationRunListeners.environmentPrepared(SpringApplicationRunListeners.java:53) ~[spring-boot-2.1.8.RELEASE.jar!/:2.1.8.RELEASE]
	at org.springframework.boot.SpringApplication.prepareEnvironment(SpringApplication.java:342) ~[spring-boot-2.1.8.RELEASE.jar!/:2.1.8.RELEASE]
	at org.springframework.boot.SpringApplication.run(SpringApplication.java:305) ~[spring-boot-2.1.8.RELEASE.jar!/:2.1.8.RELEASE]
	at lavalink.server.Launcher.main(Launcher.kt:127) [classes!/:na]
	at sun.reflect.NativeMethodAccessorImpl.invoke0(Native Method) ~[na:1.8.0_241]
	at sun.reflect.NativeMethodAccessorImpl.invoke(Unknown Source) ~[na:1.8.0_241]
	at sun.reflect.DelegatingMethodAccessorImpl.invoke(Unknown Source) ~[na:1.8.0_241]
	at java.lang.reflect.Method.invoke(Unknown Source) ~[na:1.8.0_241]
	at org.springframework.boot.loader.MainMethodRunner.run(MainMethodRunner.java:48) [Lavalink.jar:na]
	at org.springframework.boot.loader.Launcher.launch(Launcher.java:87) [Lavalink.jar:na]
	at org.springframework.boot.loader.Launcher.launch(Launcher.java:51) [Lavalink.jar:na]
	at org.springframework.boot.loader.JarLauncher.main(JarLauncher.java:52) [Lavalink.jar:na]

2020-04-13 01:49:14.283  INFO 19840 --- [main] lavalink.server.Launcher                 : 

[32m       .  [31m _                  _ _       _    [32m__ _ _
[32m      /\\ [31m| | __ ___   ____ _| (_)_ __ | | __[32m\ \ \ \
[32m     ( ( )[31m| |/ _` \ \ / / _` | | | '_ \| |/ /[32m \ \ \ \
[32m      \\/ [31m| | (_| |\ V / (_| | | | | | |   < [32m  ) ) ) )
[32m       '  [31m|_|\__,_| \_/ \__,_|_|_|_| |_|_|\_\[32m / / / /
[0m    =========================================[32m/_/_/_/[0m

	Version:        3.3.1
	Build:          997
	Build time:     25.03.2020 12:30:43 UTC
	Branch          master
	Commit:         29f68ba
	Commit time:    25.03.2020 12:28:48 UTC
	JVM:            14
	Lavaplayer      1.3.38

2020-04-13 01:49:14.371  INFO 19840 --- [main] lavalink.server.Launcher                 : Starting Launcher on LAPTOP-8K9GB95R with PID 19840 (C:\Users\KROWNED\Desktop\AUDIUS\Lavalink.jar started by KROWNED in C:\Users\KROWNED\Desktop\AUDIUS)
2020-04-13 01:49:14.371  INFO 19840 --- [main] lavalink.server.Launcher                 : No active profile set, falling back to default profiles: default
2020-04-13 01:49:14.438  WARN 19840 --- [background-preinit] o.s.h.c.j.Jackson2ObjectMapperBuilder    : For Jackson Kotlin classes support please add "com.fasterxml.jackson.module:jackson-module-kotlin" to the classpath
2020-04-13 01:49:15.659  WARN 19840 --- [main] io.undertow.websockets.jsr               : UT026010: Buffer pool was not set on WebSocketDeploymentInfo, the default pool will be used
2020-04-13 01:49:15.683  INFO 19840 --- [main] io.undertow.servlet                      : Initializing Spring embedded WebApplicationContext
2020-04-13 01:49:15.683  INFO 19840 --- [main] o.s.web.context.ContextLoader            : Root WebApplicationContext: initialization completed in 1265 ms
2020-04-13 01:49:16.005  WARN 19840 --- [main] l.server.config.SentryConfiguration      : Turning off sentry
2020-04-13 01:49:16.013  INFO 19840 --- [main] l.s.c.AudioSendFactoryConfiguration      : OS: Windows 10, Arch: amd64
2020-04-13 01:49:16.013  INFO 19840 --- [main] l.s.c.AudioSendFactoryConfiguration      : JDA-NAS supported system detected. Enabled native audio sending.
2020-04-13 01:49:16.013  INFO 19840 --- [main] l.s.c.AudioSendFactoryConfiguration      : Setting buffer to 400ms
2020-04-13 01:49:16.015  INFO 19840 --- [main] l.s.c.AudioSendFactoryConfiguration      : Setting playlist load limit to 6
2020-04-13 01:49:16.353  INFO 19840 --- [main] c.s.d.l.tools.GarbageCollectionMonitor   : GC monitoring enabled, reporting results every 2 minutes.
2020-04-13 01:49:16.708  INFO 19840 --- [main] o.s.s.concurrent.ThreadPoolTaskExecutor  : Initializing ExecutorService 'applicationTaskExecutor'
2020-04-13 01:49:17.026  INFO 19840 --- [main] org.xnio                                 : XNIO version 3.3.8.Final
2020-04-13 01:49:17.028  INFO 19840 --- [main] org.xnio.nio                             : XNIO NIO Implementation Version 3.3.8.Final
2020-04-13 01:49:17.108  INFO 19840 --- [main] o.s.b.w.e.u.UndertowServletWebServer     : Undertow started on port(s) 2333 (http) with context path ''
2020-04-13 01:49:17.108  INFO 19840 --- [main] lavalink.server.Launcher                 : Started Launcher in 3.28 seconds (JVM running for 3.879)
2020-04-13 01:57:11.670  INFO 19840 --- [XNIO-1 task-1] io.undertow.servlet                      : Initializing Spring DispatcherServlet 'dispatcherServlet'
2020-04-13 01:57:11.671  INFO 19840 --- [XNIO-1 task-1] o.s.web.servlet.DispatcherServlet        : Initializing Servlet 'dispatcherServlet'
2020-04-13 01:57:11.678  INFO 19840 --- [XNIO-1 task-1] o.s.web.servlet.DispatcherServlet        : Completed initialization in 7 ms
2020-04-13 01:57:11.698  INFO 19840 --- [XNIO-1 task-1] l.server.io.HandshakeInterceptorImpl     : Incoming connection from /127.0.0.1:61608
2020-04-13 01:57:11.812  INFO 19840 --- [XNIO-1 task-1] lavalink.server.io.SocketServer          : Connection successfully established from /127.0.0.1:61608
2020-04-13 01:57:11.831  INFO 19840 --- [XNIO-1 I/O-4] lavalink.server.io.SocketServer          : {"op":"configureResuming","key":"17172c1bd30","timeout":120}
2020-04-13 01:57:19.178  INFO 19840 --- [XNIO-1 I/O-4] lavalink.server.io.SocketServer          : Connection closed from /127.0.0.1:61608 with status CloseStatus[code=1006, reason=] -- Session can be resumed within the next 120 seconds with key 17172c1bd30
2020-04-13 01:57:40.471  INFO 19840 --- [XNIO-1 task-2] l.server.io.HandshakeInterceptorImpl     : Incoming connection from /127.0.0.1:61617
2020-04-13 01:57:40.480  INFO 19840 --- [XNIO-1 task-2] lavalink.server.io.SocketServer          : Connection successfully established from /127.0.0.1:61617
2020-04-13 01:57:40.482  INFO 19840 --- [XNIO-1 I/O-5] lavalink.server.io.SocketServer          : {"op":"configureResuming","key":"17172c22d78","timeout":120}
2020-04-13 01:57:53.378  INFO 19840 --- [XNIO-1 I/O-5] lavalink.server.io.SocketServer          : Connection closed from /127.0.0.1:61617 with status CloseStatus[code=1006, reason=] -- Session can be resumed within the next 120 seconds with key 17172c22d78
2020-04-13 01:58:44.447  INFO 19840 --- [XNIO-1 task-3] l.server.io.HandshakeInterceptorImpl     : Incoming connection from /127.0.0.1:61632
2020-04-13 01:58:44.456  INFO 19840 --- [XNIO-1 task-3] lavalink.server.io.SocketServer          : Connection successfully established from /127.0.0.1:61632
2020-04-13 01:58:44.457  INFO 19840 --- [XNIO-1 I/O-4] lavalink.server.io.SocketServer          : {"op":"configureResuming","key":"17172c32760","timeout":120}
2020-04-13 01:59:00.148  INFO 19840 --- [XNIO-1 I/O-4] lavalink.server.io.SocketServer          : Connection closed from /127.0.0.1:61632 with status CloseStatus[code=1006, reason=] -- Session can be resumed within the next 120 seconds with key 17172c32760
2020-04-13 01:59:19.198  INFO 19840 --- [pool-2-thread-1] lavalink.server.io.SocketContext         : Shutting down 0 playing players.
2020-04-13 01:59:53.388  INFO 19840 --- [pool-3-thread-1] lavalink.server.io.SocketContext         : Shutting down 0 playing players.
2020-04-13 02:01:00.168  INFO 19840 --- [pool-4-thread-1] lavalink.server.io.SocketContext         : Shutting down 0 playing players.
2020-04-13 02:14:19.247  INFO 19840 --- [XNIO-1 task-4] l.server.io.HandshakeInterceptorImpl     : Incoming connection from /127.0.0.1:61750
2020-04-13 02:14:19.257  INFO 19840 --- [XNIO-1 task-4] lavalink.server.io.SocketServer          : Connection successfully established from /127.0.0.1:61750
2020-04-13 02:14:19.257  INFO 19840 --- [XNIO-1 I/O-2] lavalink.server.io.SocketServer          : {"op":"configureResuming","key":"17172d16af8","timeout":120}
2020-04-13 02:14:27.831  INFO 19840 --- [XNIO-1 I/O-2] lavalink.server.io.SocketServer          : Connection closed from /127.0.0.1:61750 with status CloseStatus[code=1006, reason=] -- Session can be resumed within the next 120 seconds with key 17172d16af8
2020-04-13 02:14:29.505  INFO 19840 --- [XNIO-1 task-5] l.server.io.HandshakeInterceptorImpl     : Incoming connection from /127.0.0.1:61760
2020-04-13 02:14:29.513  INFO 19840 --- [XNIO-1 task-5] lavalink.server.io.SocketServer          : Connection successfully established from /127.0.0.1:61760
2020-04-13 02:14:29.514  INFO 19840 --- [XNIO-1 I/O-4] lavalink.server.io.SocketServer          : {"op":"configureResuming","key":"17172d19305","timeout":120}
2020-04-13 02:14:31.298  INFO 19840 --- [XNIO-1 I/O-4] lavalink.server.io.SocketServer          : Connection closed from /127.0.0.1:61760 with status CloseStatus[code=1006, reason=] -- Session can be resumed within the next 120 seconds with key 17172d19305
2020-04-13 02:15:59.154  INFO 19840 --- [XNIO-1 task-6] l.server.io.HandshakeInterceptorImpl     : Incoming connection from /127.0.0.1:61777
2020-04-13 02:15:59.162  INFO 19840 --- [XNIO-1 task-6] lavalink.server.io.SocketServer          : Connection successfully established from /127.0.0.1:61777
2020-04-13 02:15:59.163  INFO 19840 --- [XNIO-1 I/O-5] lavalink.server.io.SocketServer          : {"op":"configureResuming","key":"17172d2f135","timeout":120}
2020-04-13 02:16:03.310  INFO 19840 --- [XNIO-1 I/O-5] lavalink.server.io.SocketServer          : Connection closed from /127.0.0.1:61777 with status CloseStatus[code=1006, reason=] -- Session can be resumed within the next 120 seconds with key 17172d2f135
2020-04-13 02:16:04.739  INFO 19840 --- [XNIO-1 task-7] l.server.io.HandshakeInterceptorImpl     : Incoming connection from /127.0.0.1:61784
2020-04-13 02:16:04.745  INFO 19840 --- [XNIO-1 task-7] lavalink.server.io.SocketServer          : Connection successfully established from /127.0.0.1:61784
2020-04-13 02:16:04.747  INFO 19840 --- [XNIO-1 I/O-4] lavalink.server.io.SocketServer          : {"op":"configureResuming","key":"17172d30705","timeout":120}
2020-04-13 02:16:06.153  INFO 19840 --- [XNIO-1 I/O-4] lavalink.server.io.SocketServer          : Connection closed from /127.0.0.1:61784 with status CloseStatus[code=1006, reason=] -- Session can be resumed within the next 120 seconds with key 17172d30705
2020-04-13 02:16:27.833  INFO 19840 --- [pool-5-thread-1] lavalink.server.io.SocketContext         : Shutting down 0 playing players.
2020-04-13 02:16:31.299  INFO 19840 --- [pool-6-thread-1] lavalink.server.io.SocketContext         : Shutting down 0 playing players.
2020-04-13 02:16:57.713  INFO 19840 --- [XNIO-1 task-8] l.server.io.HandshakeInterceptorImpl     : Incoming connection from /127.0.0.1:61797
2020-04-13 02:16:57.720  INFO 19840 --- [XNIO-1 task-8] lavalink.server.io.SocketServer          : Connection successfully established from /127.0.0.1:61797
2020-04-13 02:16:57.721  INFO 19840 --- [XNIO-1 I/O-1] lavalink.server.io.SocketServer          : {"op":"configureResuming","key":"17172d3d5f4","timeout":120}
2020-04-13 02:17:02.247  INFO 19840 --- [XNIO-1 I/O-1] lavalink.server.io.SocketServer          : Connection closed from /127.0.0.1:61797 with status CloseStatus[code=1006, reason=] -- Session can be resumed within the next 120 seconds with key 17172d3d5f4
2020-04-13 02:17:03.573  INFO 19840 --- [XNIO-1 task-9] l.server.io.HandshakeInterceptorImpl     : Incoming connection from /127.0.0.1:61804
2020-04-13 02:17:03.583  INFO 19840 --- [XNIO-1 task-9] lavalink.server.io.SocketServer          : Connection successfully established from /127.0.0.1:61804
2020-04-13 02:17:03.584  INFO 19840 --- [XNIO-1 I/O-8] lavalink.server.io.SocketServer          : {"op":"configureResuming","key":"17172d3ecdb","timeout":120}
2020-04-13 02:17:04.797  INFO 19840 --- [XNIO-1 I/O-8] lavalink.server.io.SocketServer          : Connection closed from /127.0.0.1:61804 with status CloseStatus[code=1006, reason=] -- Session can be resumed within the next 120 seconds with key 17172d3ecdb
2020-04-13 02:18:03.310  INFO 19840 --- [pool-7-thread-1] lavalink.server.io.SocketContext         : Shutting down 0 playing players.
2020-04-13 02:18:06.155  INFO 19840 --- [pool-8-thread-1] lavalink.server.io.SocketContext         : Shutting down 0 playing players.
2020-04-13 02:18:31.013  INFO 19840 --- [XNIO-1 task-10] l.server.io.HandshakeInterceptorImpl     : Incoming connection from /127.0.0.1:61819
2020-04-13 02:18:31.021  INFO 19840 --- [XNIO-1 task-10] lavalink.server.io.SocketServer          : Connection successfully established from /127.0.0.1:61819
2020-04-13 02:18:31.022  INFO 19840 --- [XNIO-1 I/O-7] lavalink.server.io.SocketServer          : {"op":"configureResuming","key":"17172d5426a","timeout":120}
2020-04-13 02:18:49.284  INFO 19840 --- [XNIO-1 I/O-7] lavalink.server.io.SocketServer          : Connection closed from /127.0.0.1:61819 with status CloseStatus[code=1006, reason=] -- Session can be resumed within the next 120 seconds with key 17172d5426a
2020-04-13 02:18:50.761  INFO 19840 --- [XNIO-1 task-11] l.server.io.HandshakeInterceptorImpl     : Incoming connection from /127.0.0.1:61839
2020-04-13 02:18:50.768  INFO 19840 --- [XNIO-1 task-11] lavalink.server.io.SocketServer          : Connection successfully established from /127.0.0.1:61839
2020-04-13 02:18:50.769  INFO 19840 --- [XNIO-1 I/O-3] lavalink.server.io.SocketServer          : {"op":"configureResuming","key":"17172d58f8c","timeout":120}
2020-04-13 02:18:52.385  INFO 19840 --- [XNIO-1 I/O-3] lavalink.server.io.SocketServer          : Connection closed from /127.0.0.1:61839 with status CloseStatus[code=1006, reason=] -- Session can be resumed within the next 120 seconds with key 17172d58f8c
2020-04-13 02:19:02.248  INFO 19840 --- [pool-9-thread-1] lavalink.server.io.SocketContext         : Shutting down 0 playing players.
2020-04-13 02:19:04.798  INFO 19840 --- [pool-10-thread-1] lavalink.server.io.SocketContext         : Shutting down 0 playing players.
2020-04-13 02:20:49.286  INFO 19840 --- [pool-11-thread-1] lavalink.server.io.SocketContext         : Shutting down 0 playing players.
2020-04-13 02:20:52.387  INFO 19840 --- [pool-12-thread-1] lavalink.server.io.SocketContext         : Shutting down 0 playing players.
2020-04-13 02:21:27.683  INFO 19840 --- [XNIO-1 task-12] l.server.io.HandshakeInterceptorImpl     : Incoming connection from /127.0.0.1:61858
2020-04-13 02:21:27.690  INFO 19840 --- [XNIO-1 task-12] lavalink.server.io.SocketServer          : Connection successfully established from /127.0.0.1:61858
2020-04-13 02:21:27.691  INFO 19840 --- [XNIO-1 I/O-6] lavalink.server.io.SocketServer          : {"op":"configureResuming","key":"17172d7f487","timeout":120}
2020-04-13 02:21:36.914  INFO 19840 --- [XNIO-1 I/O-6] lavalink.server.io.SocketServer          : Connection closed from /127.0.0.1:61858 with status CloseStatus[code=1006, reason=] -- Session can be resumed within the next 120 seconds with key 17172d7f487
2020-04-13 02:22:01.366  INFO 19840 --- [XNIO-1 task-13] l.server.io.HandshakeInterceptorImpl     : Incoming connection from /127.0.0.1:61869
2020-04-13 02:22:01.373  INFO 19840 --- [XNIO-1 task-13] lavalink.server.io.SocketServer          : Connection successfully established from /127.0.0.1:61869
2020-04-13 02:22:01.374  INFO 19840 --- [XNIO-1 I/O-1] lavalink.server.io.SocketServer          : {"op":"configureResuming","key":"17172d8781a","timeout":120}
2020-04-13 02:22:09.010  INFO 19840 --- [XNIO-1 I/O-1] lavalink.server.io.SocketServer          : Connection closed from /127.0.0.1:61869 with status CloseStatus[code=1006, reason=] -- Session can be resumed within the next 120 seconds with key 17172d8781a
2020-04-13 02:23:36.914  INFO 19840 --- [pool-13-thread-1] lavalink.server.io.SocketContext         : Shutting down 0 playing players.
2020-04-13 02:24:09.012  INFO 19840 --- [pool-14-thread-1] lavalink.server.io.SocketContext         : Shutting down 0 playing players.
2020-04-13 02:25:34.896  INFO 19840 --- [XNIO-1 task-14] l.server.io.HandshakeInterceptorImpl     : Incoming connection from /127.0.0.1:61892
2020-04-13 02:25:34.903  INFO 19840 --- [XNIO-1 task-14] lavalink.server.io.SocketServer          : Connection successfully established from /127.0.0.1:61892
2020-04-13 02:25:34.904  INFO 19840 --- [XNIO-1 I/O-8] lavalink.server.io.SocketServer          : {"op":"configureResuming","key":"17172dbba35","timeout":120}
2020-04-13 02:25:42.433  INFO 19840 --- [XNIO-1 I/O-8] lavalink.server.io.SocketServer          : Connection closed from /127.0.0.1:61892 with status CloseStatus[code=1006, reason=] -- Session can be resumed within the next 120 seconds with key 17172dbba35
2020-04-13 02:27:42.435  INFO 19840 --- [pool-15-thread-1] lavalink.server.io.SocketContext         : Shutting down 0 playing players.
2020-04-13 02:30:05.735  INFO 19840 --- [XNIO-1 task-15] l.server.io.HandshakeInterceptorImpl     : Incoming connection from /127.0.0.1:61947
2020-04-13 02:30:05.744  INFO 19840 --- [XNIO-1 task-15] lavalink.server.io.SocketServer          : Connection successfully established from /127.0.0.1:61947
2020-04-13 02:32:03.685  INFO 19840 --- [XNIO-1 I/O-7] lavalink.server.io.SocketServer          : Connection closed from /127.0.0.1:61947 -- CloseStatus[code=1006, reason=]
2020-04-13 02:32:03.685  INFO 19840 --- [XNIO-1 I/O-7] lavalink.server.io.SocketContext         : Shutting down 0 playing players.
2020-04-13 02:32:05.755  INFO 19840 --- [XNIO-1 task-16] l.server.io.HandshakeInterceptorImpl     : Incoming connection from /127.0.0.1:61972
2020-04-13 02:32:05.763  INFO 19840 --- [XNIO-1 task-16] lavalink.server.io.SocketServer          : Connection successfully established from /127.0.0.1:61972
2020-04-13 02:35:14.313  INFO 19840 --- [XNIO-1 I/O-8] lavalink.server.io.SocketServer          : Connection closed from /127.0.0.1:61972 -- CloseStatus[code=1006, reason=]
2020-04-13 02:35:14.313  INFO 19840 --- [XNIO-1 I/O-8] lavalink.server.io.SocketContext         : Shutting down 0 playing players.
2020-04-13 02:35:16.129  INFO 19840 --- [XNIO-1 task-17] l.server.io.HandshakeInterceptorImpl     : Incoming connection from /127.0.0.1:61992
2020-04-13 02:35:16.135  INFO 19840 --- [XNIO-1 task-17] lavalink.server.io.SocketServer          : Connection successfully established from /127.0.0.1:61992
2020-04-13 02:36:23.564  INFO 19840 --- [XNIO-1 I/O-4] lavalink.server.io.SocketServer          : Connection closed from /127.0.0.1:61992 -- CloseStatus[code=1006, reason=]
2020-04-13 02:36:23.565  INFO 19840 --- [XNIO-1 I/O-4] lavalink.server.io.SocketContext         : Shutting down 0 playing players.
2020-04-13 02:53:32.902  INFO 19840 --- [XNIO-1 task-18] l.server.io.HandshakeInterceptorImpl     : Incoming connection from /127.0.0.1:62186
2020-04-13 02:53:32.909  INFO 19840 --- [XNIO-1 task-18] lavalink.server.io.SocketServer          : Connection successfully established from /127.0.0.1:62186
2020-04-13 02:53:32.910  INFO 19840 --- [XNIO-1 I/O-6] lavalink.server.io.SocketServer          : {"op":"configureResuming","key":"17172f554ea","timeout":120}
2020-04-13 02:54:09.424  INFO 19840 --- [XNIO-1 I/O-6] lavalink.server.io.SocketServer          : Connection closed from /127.0.0.1:62186 with status CloseStatus[code=1006, reason=] -- Session can be resumed within the next 120 seconds with key 17172f554ea
2020-04-13 02:54:11.888  INFO 19840 --- [XNIO-1 task-19] l.server.io.HandshakeInterceptorImpl     : Incoming connection from /127.0.0.1:62196
2020-04-13 02:54:11.894  INFO 19840 --- [XNIO-1 task-19] lavalink.server.io.SocketServer          : Connection successfully established from /127.0.0.1:62196
2020-04-13 02:54:11.895  INFO 19840 --- [XNIO-1 I/O-8] lavalink.server.io.SocketServer          : {"op":"configureResuming","key":"17172f5ed32","timeout":120}
2020-04-13 02:54:24.540  INFO 19840 --- [XNIO-1 I/O-8] lavalink.server.io.SocketServer          : Connection closed from /127.0.0.1:62196 with status CloseStatus[code=1006, reason=] -- Session can be resumed within the next 120 seconds with key 17172f5ed32
2020-04-13 02:56:09.424  INFO 19840 --- [pool-19-thread-1] lavalink.server.io.SocketContext         : Shutting down 0 playing players.
2020-04-13 02:56:24.541  INFO 19840 --- [pool-20-thread-1] lavalink.server.io.SocketContext         : Shutting down 0 playing players.
2020-04-13 02:57:28.690  INFO 19840 --- [XNIO-1 task-20] l.server.io.HandshakeInterceptorImpl     : Incoming connection from /127.0.0.1:62223
2020-04-13 02:57:28.698  INFO 19840 --- [XNIO-1 task-20] lavalink.server.io.SocketServer          : Connection successfully established from /127.0.0.1:62223
2020-04-13 02:57:28.700  INFO 19840 --- [XNIO-1 I/O-3] lavalink.server.io.SocketServer          : {"op":"configureResuming","key":"17172f8edf5","timeout":120}
2020-04-13 02:57:34.480  INFO 19840 --- [XNIO-1 I/O-3] lavalink.server.io.SocketServer          : Connection closed from /127.0.0.1:62223 with status CloseStatus[code=1006, reason=] -- Session can be resumed within the next 120 seconds with key 17172f8edf5
2020-04-13 02:57:55.962  INFO 19840 --- [XNIO-1 task-21] l.server.io.HandshakeInterceptorImpl     : Incoming connection from /127.0.0.1:62232
2020-04-13 02:57:55.968  INFO 19840 --- [XNIO-1 task-21] lavalink.server.io.SocketServer          : Connection successfully established from /127.0.0.1:62232
2020-04-13 02:57:55.969  INFO 19840 --- [XNIO-1 I/O-4] lavalink.server.io.SocketServer          : {"op":"configureResuming","key":"17172f9587e","timeout":120}
2020-04-13 02:58:02.751  INFO 19840 --- [XNIO-1 I/O-4] lavalink.server.io.SocketServer          : Connection closed from /127.0.0.1:62232 with status CloseStatus[code=1006, reason=] -- Session can be resumed within the next 120 seconds with key 17172f9587e
2020-04-13 02:59:04.482  INFO 19840 --- [XNIO-1 task-22] l.server.io.HandshakeInterceptorImpl     : Incoming connection from /127.0.0.1:62310
2020-04-13 02:59:04.489  INFO 19840 --- [XNIO-1 task-22] lavalink.server.io.SocketServer          : Connection successfully established from /127.0.0.1:62310
2020-04-13 02:59:04.491  INFO 19840 --- [XNIO-1 I/O-2] lavalink.server.io.SocketServer          : {"op":"configureResuming","key":"17172fa6425","timeout":120}
2020-04-13 02:59:16.023  INFO 19840 --- [XNIO-1 I/O-2] lavalink.server.io.SocketServer          : Connection closed from /127.0.0.1:62310 with status CloseStatus[code=1006, reason=] -- Session can be resumed within the next 120 seconds with key 17172fa6425
2020-04-13 02:59:34.480  INFO 19840 --- [pool-21-thread-1] lavalink.server.io.SocketContext         : Shutting down 0 playing players.
2020-04-13 03:00:02.752  INFO 19840 --- [pool-22-thread-1] lavalink.server.io.SocketContext         : Shutting down 0 playing players.
2020-04-13 03:01:16.024  INFO 19840 --- [pool-23-thread-1] lavalink.server.io.SocketContext         : Shutting down 0 playing players.
2020-04-13 03:01:30.960  INFO 19840 --- [XNIO-1 task-23] l.server.io.HandshakeInterceptorImpl     : Incoming connection from /127.0.0.1:62341
2020-04-13 03:01:30.967  INFO 19840 --- [XNIO-1 task-23] lavalink.server.io.SocketServer          : Connection successfully established from /127.0.0.1:62341
2020-04-13 03:01:30.969  INFO 19840 --- [XNIO-1 I/O-1] lavalink.server.io.SocketServer          : {"op":"configureResuming","key":"17172fca054","timeout":120}
2020-04-13 03:12:38.663  INFO 19840 --- [XNIO-1 I/O-1] lavalink.server.io.SocketServer          : Connection closed from /127.0.0.1:62341 with status CloseStatus[code=1006, reason=] -- Session can be resumed within the next 120 seconds with key 17172fca054
2020-04-13 03:14:38.683  INFO 19840 --- [pool-24-thread-1] lavalink.server.io.SocketContext         : Shutting down 0 playing players.
2020-04-13 03:34:02.498  INFO 19840 --- [XNIO-1 task-24] l.server.io.HandshakeInterceptorImpl     : Incoming connection from /127.0.0.1:62574
2020-04-13 03:34:02.509  INFO 19840 --- [XNIO-1 task-24] lavalink.server.io.SocketServer          : Connection successfully established from /127.0.0.1:62574
2020-04-13 03:34:02.511  INFO 19840 --- [XNIO-1 I/O-2] lavalink.server.io.SocketServer          : {"op":"configureResuming","key":"171731a6787","timeout":120}
2020-04-13 03:44:05.901  INFO 19840 --- [XNIO-1 I/O-2] lavalink.server.io.SocketServer          : Connection closed from /127.0.0.1:62574 with status CloseStatus[code=1006, reason=] -- Session can be resumed within the next 120 seconds with key 171731a6787
2020-04-13 03:44:08.126  INFO 19840 --- [XNIO-1 task-25] l.server.io.HandshakeInterceptorImpl     : Incoming connection from /127.0.0.1:62606
2020-04-13 03:44:08.136  INFO 19840 --- [XNIO-1 task-25] lavalink.server.io.SocketServer          : Connection successfully established from /127.0.0.1:62606
2020-04-13 03:44:08.137  INFO 19840 --- [XNIO-1 I/O-2] lavalink.server.io.SocketServer          : {"op":"configureResuming","key":"1717323a542","timeout":120}
2020-04-13 03:44:36.950  INFO 19840 --- [XNIO-1 I/O-2] lavalink.server.io.SocketServer          : Connection closed from /127.0.0.1:62606 with status CloseStatus[code=1006, reason=] -- Session can be resumed within the next 120 seconds with key 1717323a542
2020-04-13 03:44:39.541  INFO 19840 --- [XNIO-1 task-26] l.server.io.HandshakeInterceptorImpl     : Incoming connection from /127.0.0.1:62618
2020-04-13 03:44:39.551  INFO 19840 --- [XNIO-1 task-26] lavalink.server.io.SocketServer          : Connection successfully established from /127.0.0.1:62618
2020-04-13 03:44:39.551  INFO 19840 --- [XNIO-1 I/O-6] lavalink.server.io.SocketServer          : {"op":"configureResuming","key":"17173241ff3","timeout":120}
2020-04-13 03:44:50.240  INFO 19840 --- [XNIO-1 I/O-6] lavalink.server.io.SocketServer          : Connection closed from /127.0.0.1:62618 with status CloseStatus[code=1006, reason=] -- Session can be resumed within the next 120 seconds with key 17173241ff3
2020-04-13 03:44:52.591  INFO 19840 --- [XNIO-1 task-27] l.server.io.HandshakeInterceptorImpl     : Incoming connection from /127.0.0.1:62628
2020-04-13 03:44:52.601  INFO 19840 --- [XNIO-1 task-27] lavalink.server.io.SocketServer          : Connection successfully established from /127.0.0.1:62628
2020-04-13 03:44:52.601  INFO 19840 --- [XNIO-1 I/O-8] lavalink.server.io.SocketServer          : {"op":"configureResuming","key":"171732452f5","timeout":120}
2020-04-13 03:46:05.907  INFO 19840 --- [pool-25-thread-1] lavalink.server.io.SocketContext         : Shutting down 0 playing players.
2020-04-13 03:46:36.971  INFO 19840 --- [pool-26-thread-1] lavalink.server.io.SocketContext         : Shutting down 0 playing players.
2020-04-13 03:46:50.241  INFO 19840 --- [pool-27-thread-1] lavalink.server.io.SocketContext         : Shutting down 0 playing players.
2020-04-13 03:47:25.667  INFO 19840 --- [XNIO-1 I/O-8] lavalink.server.io.SocketServer          : Connection closed from /127.0.0.1:62628 with status CloseStatus[code=1006, reason=] -- Session can be resumed within the next 120 seconds with key 171732452f5
2020-04-13 03:47:28.020  INFO 19840 --- [XNIO-1 task-28] l.server.io.HandshakeInterceptorImpl     : Incoming connection from /127.0.0.1:62651
2020-04-13 03:47:28.031  INFO 19840 --- [XNIO-1 task-28] lavalink.server.io.SocketServer          : Connection successfully established from /127.0.0.1:62651
2020-04-13 03:47:28.032  INFO 19840 --- [XNIO-1 I/O-7] lavalink.server.io.SocketServer          : {"op":"configureResuming","key":"1717326b212","timeout":120}
2020-04-13 03:49:07.590  INFO 19840 --- [XNIO-1 I/O-7] lavalink.server.io.SocketServer          : Connection closed from /127.0.0.1:62651 with status CloseStatus[code=1006, reason=] -- Session can be resumed within the next 120 seconds with key 1717326b212
2020-04-13 03:49:10.411  INFO 19840 --- [XNIO-1 task-29] l.server.io.HandshakeInterceptorImpl     : Incoming connection from /127.0.0.1:62664
2020-04-13 03:49:10.420  INFO 19840 --- [XNIO-1 task-29] lavalink.server.io.SocketServer          : Connection successfully established from /127.0.0.1:62664
2020-04-13 03:49:10.420  INFO 19840 --- [XNIO-1 I/O-4] lavalink.server.io.SocketServer          : {"op":"configureResuming","key":"17173284212","timeout":120}
2020-04-13 03:49:25.668  INFO 19840 --- [pool-28-thread-1] lavalink.server.io.SocketContext         : Shutting down 0 playing players.
2020-04-13 03:50:10.290  INFO 19840 --- [XNIO-1 I/O-4] lavalink.server.io.SocketServer          : Connection closed from /127.0.0.1:62664 with status CloseStatus[code=1006, reason=] -- Session can be resumed within the next 120 seconds with key 17173284212
2020-04-13 03:50:12.731  INFO 19840 --- [XNIO-1 task-30] l.server.io.HandshakeInterceptorImpl     : Incoming connection from /127.0.0.1:62675
2020-04-13 03:50:12.739  INFO 19840 --- [XNIO-1 task-30] lavalink.server.io.SocketServer          : Connection successfully established from /127.0.0.1:62675
2020-04-13 03:50:12.739  INFO 19840 --- [XNIO-1 I/O-7] lavalink.server.io.SocketServer          : {"op":"configureResuming","key":"17173293580","timeout":120}
2020-04-13 03:50:38.850  INFO 19840 --- [XNIO-1 I/O-7] lavalink.server.io.SocketServer          : Connection closed from /127.0.0.1:62675 with status CloseStatus[code=1006, reason=] -- Session can be resumed within the next 120 seconds with key 17173293580
2020-04-13 03:50:41.176  INFO 19840 --- [XNIO-1 task-31] l.server.io.HandshakeInterceptorImpl     : Incoming connection from /127.0.0.1:62686
2020-04-13 03:50:41.183  INFO 19840 --- [XNIO-1 task-31] lavalink.server.io.SocketServer          : Connection successfully established from /127.0.0.1:62686
2020-04-13 03:50:41.184  INFO 19840 --- [XNIO-1 I/O-2] lavalink.server.io.SocketServer          : {"op":"configureResuming","key":"1717329a49c","timeout":120}
2020-04-13 03:51:07.594  INFO 19840 --- [pool-29-thread-1] lavalink.server.io.SocketContext         : Shutting down 0 playing players.
2020-04-13 03:52:10.300  INFO 19840 --- [pool-30-thread-1] lavalink.server.io.SocketContext         : Shutting down 0 playing players.
2020-04-13 03:52:38.871  INFO 19840 --- [pool-31-thread-1] lavalink.server.io.SocketContext         : Shutting down 0 playing players.
2020-04-13 04:02:03.544  INFO 19840 --- [XNIO-1 I/O-2] lavalink.server.io.SocketServer          : Connection closed from /127.0.0.1:62686 with status CloseStatus[code=1006, reason=] -- Session can be resumed within the next 120 seconds with key 1717329a49c
2020-04-13 04:02:05.970  INFO 19840 --- [XNIO-1 task-32] l.server.io.HandshakeInterceptorImpl     : Incoming connection from /127.0.0.1:62823
2020-04-13 04:02:05.979  INFO 19840 --- [XNIO-1 task-32] lavalink.server.io.SocketServer          : Connection successfully established from /127.0.0.1:62823
2020-04-13 04:02:05.979  INFO 19840 --- [XNIO-1 I/O-3] lavalink.server.io.SocketServer          : {"op":"configureResuming","key":"17173341799","timeout":120}
2020-04-13 04:03:50.634  INFO 19840 --- [XNIO-1 I/O-3] lavalink.server.io.SocketServer          : Connection closed from /127.0.0.1:62823 with status CloseStatus[code=1006, reason=] -- Session can be resumed within the next 120 seconds with key 17173341799
2020-04-13 04:03:53.052  INFO 19840 --- [XNIO-1 task-33] l.server.io.HandshakeInterceptorImpl     : Incoming connection from /127.0.0.1:62840
2020-04-13 04:03:53.059  INFO 19840 --- [XNIO-1 task-33] lavalink.server.io.SocketServer          : Connection successfully established from /127.0.0.1:62840
2020-04-13 04:03:53.061  INFO 19840 --- [XNIO-1 I/O-4] lavalink.server.io.SocketServer          : {"op":"configureResuming","key":"1717335b9e0","timeout":120}
2020-04-13 04:04:03.560  INFO 19840 --- [pool-32-thread-1] lavalink.server.io.SocketContext         : Shutting down 0 playing players.
2020-04-13 04:04:25.500  INFO 19840 --- [XNIO-1 I/O-4] lavalink.server.io.SocketServer          : Connection closed from /127.0.0.1:62840 with status CloseStatus[code=1006, reason=] -- Session can be resumed within the next 120 seconds with key 1717335b9e0
2020-04-13 04:04:28.349  INFO 19840 --- [XNIO-1 task-34] l.server.io.HandshakeInterceptorImpl     : Incoming connection from /127.0.0.1:62850
2020-04-13 04:04:28.359  INFO 19840 --- [XNIO-1 task-34] lavalink.server.io.SocketServer          : Connection successfully established from /127.0.0.1:62850
2020-04-13 04:04:28.359  INFO 19840 --- [XNIO-1 I/O-6] lavalink.server.io.SocketServer          : {"op":"configureResuming","key":"171733643c5","timeout":120}
2020-04-13 04:05:50.636  INFO 19840 --- [pool-33-thread-1] lavalink.server.io.SocketContext         : Shutting down 0 playing players.
2020-04-13 04:06:25.507  INFO 19840 --- [pool-34-thread-1] lavalink.server.io.SocketContext         : Shutting down 0 playing players.
2020-04-13 04:06:51.969  INFO 19840 --- [XNIO-1 I/O-6] lavalink.server.io.SocketServer          : Connection closed from /127.0.0.1:62850 with status CloseStatus[code=1006, reason=] -- Session can be resumed within the next 120 seconds with key 171733643c5
2020-04-13 04:06:55.289  INFO 19840 --- [XNIO-1 task-35] l.server.io.HandshakeInterceptorImpl     : Incoming connection from /127.0.0.1:62885
2020-04-13 04:06:55.299  INFO 19840 --- [XNIO-1 task-35] lavalink.server.io.SocketServer          : Connection successfully established from /127.0.0.1:62885
2020-04-13 04:06:55.299  INFO 19840 --- [XNIO-1 I/O-1] lavalink.server.io.SocketServer          : {"op":"configureResuming","key":"171733881bb","timeout":120}
2020-04-13 04:07:59.559  INFO 19840 --- [XNIO-1 I/O-1] lavalink.server.io.SocketServer          : Connection closed from /127.0.0.1:62885 with status CloseStatus[code=1006, reason=] -- Session can be resumed within the next 120 seconds with key 171733881bb
2020-04-13 04:08:01.909  INFO 19840 --- [XNIO-1 task-36] l.server.io.HandshakeInterceptorImpl     : Incoming connection from /127.0.0.1:62899
2020-04-13 04:08:01.909  INFO 19840 --- [XNIO-1 task-36] lavalink.server.io.SocketServer          : Connection successfully established from /127.0.0.1:62899
2020-04-13 04:08:01.919  INFO 19840 --- [XNIO-1 I/O-7] lavalink.server.io.SocketServer          : {"op":"configureResuming","key":"171733985f8","timeout":120}
2020-04-13 04:08:51.972  INFO 19840 --- [pool-35-thread-1] lavalink.server.io.SocketContext         : Shutting down 0 playing players.
2020-04-13 04:09:59.567  INFO 19840 --- [pool-36-thread-1] lavalink.server.io.SocketContext         : Shutting down 0 playing players.
2020-04-13 04:09:59.831  INFO 19840 --- [XNIO-1 I/O-7] lavalink.server.io.SocketServer          : Connection closed from /127.0.0.1:62899 with status CloseStatus[code=1006, reason=] -- Session can be resumed within the next 120 seconds with key 171733985f8
2020-04-13 04:10:02.456  INFO 19840 --- [XNIO-1 task-37] l.server.io.HandshakeInterceptorImpl     : Incoming connection from /127.0.0.1:62911
2020-04-13 04:10:02.463  INFO 19840 --- [XNIO-1 task-37] lavalink.server.io.SocketServer          : Connection successfully established from /127.0.0.1:62911
2020-04-13 04:10:02.464  INFO 19840 --- [XNIO-1 I/O-3] lavalink.server.io.SocketServer          : {"op":"configureResuming","key":"171733b5cdb","timeout":120}
2020-04-13 04:11:59.833  INFO 19840 --- [pool-37-thread-1] lavalink.server.io.SocketContext         : Shutting down 0 playing players.
2020-04-13 14:18:48.633  INFO 19840 --- [XNIO-1 I/O-3] lavalink.server.io.SocketServer          : Connection closed from /127.0.0.1:62911 with status CloseStatus[code=1006, reason=] -- Session can be resumed within the next 120 seconds with key 171733b5cdb
2020-04-13 14:20:48.636  INFO 19840 --- [pool-38-thread-1] lavalink.server.io.SocketContext         : Shutting down 0 playing players.
